Log file open, 04/08/22 22:17:57
LogWindows: Failed to load 'aqProf.dll' (GetLastError=126)
LogWindows: File 'aqProf.dll' does not exist
LogWindows: Failed to load 'VtuneApi.dll' (GetLastError=126)
LogWindows: File 'VtuneApi.dll' does not exist
LogWindows: Failed to load 'VtuneApi32e.dll' (GetLastError=126)
LogWindows: File 'VtuneApi32e.dll' does not exist
LogConsoleResponse: Display: Failed to find resolution value strings in scalability ini. Falling back to default.
LogConsoleResponse: Display: Failed to find resolution value strings in scalability ini. Falling back to default.
LogInit: Display: Running engine for game: RealTimeDataPing
LogPlatformFile: Not using cached read wrapper
LogTaskGraph: Started task graph with 5 named threads and 23 total threads with 3 sets of task threads.
LogStats: Stats thread started at 1.381815
LogICUInternationalization: ICU TimeZone Detection - Raw Offset: -5:00, Platform Override: ''
LogInit: Display: Loading text-based GConfig....
LogPluginManager: Mounting plugin MeshPainting
LogPluginManager: Mounting plugin XGEController
LogPluginManager: Mounting plugin Paper2D
LogPluginManager: Mounting plugin AISupport
LogPluginManager: Mounting plugin LightPropagationVolume
LogPluginManager: Mounting plugin EnvironmentQueryEditor
LogPluginManager: Mounting plugin CameraShakePreviewer
LogPluginManager: Mounting plugin LiveLink
LogPluginManager: Mounting plugin GameplayCameras
LogPluginManager: Mounting plugin OodleData
LogPluginManager: Mounting plugin OodleNetwork
LogPluginManager: Mounting plugin Niagara
LogPluginManager: Mounting plugin AnimationSharing
LogPluginManager: Mounting plugin DatasmithContent
LogPluginManager: Mounting plugin CLionSourceCodeAccess
LogPluginManager: Mounting plugin CodeLiteSourceCodeAccess
LogPluginManager: Mounting plugin GitSourceControl
LogPluginManager: Mounting plugin KDevelopSourceCodeAccess
LogPluginManager: Mounting plugin NullSourceCodeAccess
LogPluginManager: Mounting plugin VariantManagerContent
LogPluginManager: Mounting plugin PixWinPlugin
LogPluginManager: Mounting plugin PerforceSourceControl
LogPluginManager: Mounting plugin PlasticSourceControl
LogPluginManager: Mounting plugin PropertyAccessNode
LogPluginManager: Mounting plugin PluginUtils
LogPluginManager: Mounting plugin RiderSourceCodeAccess
LogPluginManager: Mounting plugin TextureFormatOodle
LogPluginManager: Mounting plugin SubversionSourceControl
LogPluginManager: Mounting plugin UObjectPlugin
LogPluginManager: Mounting plugin VisualStudioCodeSourceCodeAccess
LogPluginManager: Mounting plugin AssetManagerEditor
LogPluginManager: Mounting plugin VisualStudioSourceCodeAccess
LogPluginManager: Mounting plugin XCodeSourceCodeAccess
LogPluginManager: Mounting plugin DataValidation
LogPluginManager: Mounting plugin CryptoKeys
LogPluginManager: Mounting plugin CurveEditorTools
LogPluginManager: Mounting plugin FacialAnimation
LogPluginManager: Mounting plugin GeometryMode
LogPluginManager: Mounting plugin MacGraphicsSwitching
LogPluginManager: Mounting plugin GameplayTagsEditor
LogPluginManager: Mounting plugin MaterialAnalyzer
LogPluginManager: Mounting plugin MobileLauncherProfileWizard
LogPluginManager: Mounting plugin PluginBrowser
LogPluginManager: Mounting plugin SpeedTreeImporter
LogPluginManager: Mounting plugin RuntimeDataTable
LogPluginManager: Mounting plugin LuminPlatformFeatures
LogPluginManager: Mounting plugin MagicLeap
LogPluginManager: Mounting plugin MagicLeapLightEstimation
LogPluginManager: Mounting plugin MagicLeapMedia
LogPluginManager: Mounting plugin MagicLeapPassableWorld
LogPluginManager: Mounting plugin MLSDK
LogPluginManager: Mounting plugin AlembicImporter
LogPluginManager: Mounting plugin AutomationUtils
LogPluginManager: Mounting plugin BackChannel
LogPluginManager: Mounting plugin ChaosCloth
LogPluginManager: Mounting plugin ChaosClothEditor
LogPluginManager: Mounting plugin ChaosEditor
LogPluginManager: Mounting plugin ChaosSolverPlugin
LogPluginManager: Mounting plugin ChaosNiagara
LogPluginManager: Mounting plugin CharacterAI
LogPluginManager: Mounting plugin GeometryCache
LogPluginManager: Mounting plugin GeometryCollectionPlugin
LogPluginManager: Mounting plugin AndroidMedia
LogPluginManager: Mounting plugin AvfMedia
LogPluginManager: Mounting plugin ImgMedia
LogPluginManager: Mounting plugin MediaCompositing
LogPluginManager: Mounting plugin MediaPlayerEditor
LogPluginManager: Mounting plugin WmfMedia
LogPluginManager: Mounting plugin WebMMedia
LogPluginManager: Mounting plugin OnlineSubsystem
LogPluginManager: Mounting plugin OnlineSubsystemNull
LogPluginManager: Mounting plugin OnlineSubsystemUtils
LogPluginManager: Mounting plugin TcpMessaging
LogPluginManager: Mounting plugin ActorSequence
LogPluginManager: Mounting plugin UdpMessaging
LogPluginManager: Mounting plugin LevelSequenceEditor
LogPluginManager: Mounting plugin MatineeToLevelSequence
LogPluginManager: Mounting plugin TemplateSequence
LogPluginManager: Mounting plugin LauncherChunkInstaller
LogPluginManager: Mounting plugin GeometryProcessing
LogPluginManager: Mounting plugin MotoSynth
LogPluginManager: Mounting plugin OpenImageDenoise
LogPluginManager: Mounting plugin PlatformCrypto
LogPluginManager: Mounting plugin PlanarCut
LogPluginManager: Mounting plugin ProxyLODPlugin
LogPluginManager: Mounting plugin PythonScriptPlugin
LogPluginManager: Mounting plugin SkeletalReduction
LogPluginManager: Mounting plugin ScreenshotTools
LogPluginManager: Mounting plugin Takes
LogPluginManager: Mounting plugin ActorLayerUtilities
LogPluginManager: Mounting plugin AndroidMoviePlayer
LogPluginManager: Mounting plugin AndroidDeviceProfileSelector
LogPluginManager: Mounting plugin AndroidPermission
LogPluginManager: Mounting plugin AppleImageUtils
LogPluginManager: Mounting plugin AppleMoviePlayer
LogPluginManager: Mounting plugin AssetTags
LogPluginManager: Mounting plugin ArchVisCharacter
LogPluginManager: Mounting plugin AudioCapture
LogPluginManager: Mounting plugin AudioSynesthesia
LogPluginManager: Mounting plugin CableComponent
LogPluginManager: Mounting plugin ChunkDownloader
LogPluginManager: Mounting plugin CustomMeshComponent
LogPluginManager: Mounting plugin EditableMesh
LogPluginManager: Mounting plugin ExampleDeviceProfileSelector
LogPluginManager: Mounting plugin GoogleCloudMessaging
LogPluginManager: Mounting plugin GooglePAD
LogPluginManager: Mounting plugin IOSDeviceProfileSelector
LogPluginManager: Mounting plugin LinuxDeviceProfileSelector
LogPluginManager: Mounting plugin LocationServicesBPLibrary
LogPluginManager: Mounting plugin MobilePatchingUtils
LogPluginManager: Mounting plugin OpenXR
LogPluginManager: Mounting plugin OpenXREyeTracker
LogPluginManager: Mounting plugin OpenXRHandTracking
LogPluginManager: Mounting plugin PostSplashScreen
LogPluginManager: Mounting plugin PhysXVehicles
LogPluginManager: Mounting plugin ProceduralMeshComponent
LogPluginManager: Mounting plugin PropertyAccessEditor
LogPluginManager: Mounting plugin RuntimePhysXCooking
LogPluginManager: Mounting plugin SignificanceManager
LogPluginManager: Mounting plugin SoundFields
LogPluginManager: Mounting plugin Synthesis
LogPluginManager: Mounting plugin WebMMoviePlayer
LogPluginManager: Mounting plugin WindowsMoviePlayer
LogPluginManager: Mounting plugin ContentBrowserAssetDataSource
LogPluginManager: Mounting plugin ContentBrowserFileDataSource
LogPluginManager: Mounting plugin ContentBrowserClassDataSource
LogPluginManager: Mounting plugin OnlineSubsystemGooglePlay
LogPluginManager: Mounting plugin OnlineSubsystemIOS
LogPluginManager: Mounting plugin OculusVR
LogPluginManager: Mounting plugin SteamVR
PixWinPlugin: PIX capture plugin failed to initialize! Check that the process is launched from PIX.
LogLuminAPIImpl: Warning: MLSDK not found.  This likely means the MLSDK environment variable is not set.
LogInit: Using libcurl 7.55.1-DEV
LogInit:  - built for x86_64-pc-win32
LogInit:  - supports SSL with OpenSSL/1.1.1
LogInit:  - supports HTTP deflate (compression) using libz 1.2.8
LogInit:  - other features:
LogInit:      CURL_VERSION_SSL
LogInit:      CURL_VERSION_LIBZ
LogInit:      CURL_VERSION_IPV6
LogInit:      CURL_VERSION_ASYNCHDNS
LogInit:      CURL_VERSION_LARGEFILE
LogInit:      CURL_VERSION_IDN
LogInit:  CurlRequestOptions (configurable via config and command line):
LogInit:  - bVerifyPeer = true  - Libcurl will verify peer certificate
LogInit:  - bUseHttpProxy = false  - Libcurl will NOT use HTTP proxy
LogInit:  - bDontReuseConnections = false  - Libcurl will reuse connections
LogInit:  - MaxHostConnections = 16  - Libcurl will limit the number of connections to a host
LogInit:  - LocalHostAddr = Default
LogInit:  - BufferSize = 65536
LogOnline: OSS: Creating online subsystem instance for: NULL
LogInit: WinSock: version 1.1 (2.2), MaxSocks=32767, MaxUdp=65467
LogOnline: OSS: TryLoadSubsystemAndSetDefault: Loaded subsystem for module [NULL]
LogOculusPluginWrapper: OculusPlugin initialized successfully
LogHMD: Failed initializing OVRPlugin 1.59.0
LogInit: Build: ++UE4+Release-4.27-CL-17155196
LogInit: Engine Version: 4.27.0-17155196+++UE4+Release-4.27
LogInit: Compatible Engine Version: 4.27.0-17155196+++UE4+Release-4.27
LogInit: Net CL: 17155196
LogInit: OS: Windows 10 (Release 2009) (), CPU:        Intel(R) Core(TM) i7-3770K CPU @ 3.50GHz, GPU: NVIDIA GeForce GTX 1080
LogInit: Compiled (64-bit): Aug 13 2021 06:13:13
LogInit: Compiled with Visual C++: 19.24.28315.00
LogInit: Build Configuration: Development
LogInit: Branch Name: ++UE4+Release-4.27
LogInit: Command Line: 
LogInit: Base Directory: C:/Unreal Engine/UE_4.27/Engine/Binaries/Win64/
LogInit: Allocator: TBB
LogInit: Installed Engine Build: 1
LogDevObjectVersion: Number of dev versions registered: 29
LogDevObjectVersion:   Dev-Blueprints (B0D832E4-1F89-4F0D-ACCF-7EB736FD4AA2): 10
LogDevObjectVersion:   Dev-Build (E1C64328-A22C-4D53-A36C-8E866417BD8C): 0
LogDevObjectVersion:   Dev-Core (375EC13C-06E4-48FB-B500-84F0262A717E): 4
LogDevObjectVersion:   Dev-Editor (E4B068ED-F494-42E9-A231-DA0B2E46BB41): 40
LogDevObjectVersion:   Dev-Framework (CFFC743F-43B0-4480-9391-14DF171D2073): 37
LogDevObjectVersion:   Dev-Mobile (B02B49B5-BB20-44E9-A304-32B752E40360): 3
LogDevObjectVersion:   Dev-Networking (A4E4105C-59A1-49B5-A7C5-40C4547EDFEE): 0
LogDevObjectVersion:   Dev-Online (39C831C9-5AE6-47DC-9A44-9C173E1C8E7C): 0
LogDevObjectVersion:   Dev-Physics (78F01B33-EBEA-4F98-B9B4-84EACCB95AA2): 14
LogDevObjectVersion:   Dev-Platform (6631380F-2D4D-43E0-8009-CF276956A95A): 0
LogDevObjectVersion:   Dev-Rendering (12F88B9F-8875-4AFC-A67C-D90C383ABD29): 45
LogDevObjectVersion:   Dev-Sequencer (7B5AE74C-D270-4C10-A958-57980B212A5A): 13
LogDevObjectVersion:   Dev-VR (D7296918-1DD6-4BDD-9DE2-64A83CC13884): 3
LogDevObjectVersion:   Dev-LoadTimes (C2A15278-BFE7-4AFE-6C17-90FF531DF755): 1
LogDevObjectVersion:   Private-Geometry (6EACA3D4-40EC-4CC1-B786-8BED09428FC5): 3
LogDevObjectVersion:   Dev-AnimPhys (29E575DD-E0A3-4627-9D10-D276232CDCEA): 17
LogDevObjectVersion:   Dev-Anim (AF43A65D-7FD3-4947-9873-3E8ED9C1BB05): 15
LogDevObjectVersion:   Dev-ReflectionCapture (6B266CEC-1EC7-4B8F-A30B-E4D90942FC07): 1
LogDevObjectVersion:   Dev-Automation (0DF73D61-A23F-47EA-B727-89E90C41499A): 1
LogDevObjectVersion:   FortniteMain (601D1886-AC64-4F84-AA16-D3DE0DEAC7D6): 47
LogDevObjectVersion:   FortniteRelease (E7086368-6B23-4C58-8439-1B7016265E91): 1
LogDevObjectVersion:   Dev-Enterprise (9DFFBCD6-494F-0158-E221-12823C92A888): 10
LogDevObjectVersion:   Dev-Niagara (F2AED0AC-9AFE-416F-8664-AA7FFA26D6FC): 1
LogDevObjectVersion:   Dev-Destruction (174F1F0B-B4C6-45A5-B13F-2EE8D0FB917D): 10
LogDevObjectVersion:   Dev-Physics-Ext (35F94A83-E258-406C-A318-09F59610247C): 41
LogDevObjectVersion:   Dev-PhysicsMaterial-Chaos (B68FC16E-8B1B-42E2-B453-215C058844FE): 1
LogDevObjectVersion:   Dev-CineCamera (B2E18506-4273-CFC2-A54E-F4BB758BBA07): 1
LogDevObjectVersion:   Dev-VirtualProduction (64F58936-FD1B-42BA-BA96-7289D5D0FA4E): 1
LogDevObjectVersion:   Dev-MediaFramework (6F0ED827-A609-4895-9C91-998D90180EA4): 2
LogInit: Presizing for max 25165824 objects, including 0 objects not considered by GC, pre-allocating 0 bytes for permanent pool.
LogConfig: Applying CVar settings from Section [/Script/Engine.StreamingSettings] File [C:/UE4 Doc Repositories/RealTimeDataPing/RealTimeDataPing/Saved/Config/Windows/Engine.ini]
LogConfig: Setting CVar [[s.MinBulkDataSizeForAsyncLoading:131072]]
LogConfig: Setting CVar [[s.AsyncLoadingThreadEnabled:0]]
LogConfig: Setting CVar [[s.EventDrivenLoaderEnabled:1]]
LogConfig: Setting CVar [[s.WarnIfTimeLimitExceeded:0]]
LogConfig: Setting CVar [[s.TimeLimitExceededMultiplier:1.5]]
LogConfig: Setting CVar [[s.TimeLimitExceededMinTime:0.005]]
LogConfig: Setting CVar [[s.UseBackgroundLevelStreaming:1]]
LogConfig: Setting CVar [[s.PriorityAsyncLoadingExtraTime:15.0]]
LogConfig: Setting CVar [[s.LevelStreamingActorsUpdateTimeLimit:5.0]]
LogConfig: Setting CVar [[s.PriorityLevelStreamingActorsUpdateExtraTime:5.0]]
LogConfig: Setting CVar [[s.LevelStreamingComponentsRegistrationGranularity:10]]
LogConfig: Setting CVar [[s.UnregisterComponentsTimeLimit:1.0]]
LogConfig: Setting CVar [[s.LevelStreamingComponentsUnregistrationGranularity:5]]
LogConfig: Setting CVar [[s.FlushStreamingOnExit:1]]
LogInit: Object subsystem initialized
LogConfig: Setting CVar [[con.DebugEarlyDefault:1]]
LogConfig: Setting CVar [[r.setres:1280x720]]
[2022.04.09-02.17.59:731][  0]LogConfig: Setting CVar [[r.VSync:0]]
[2022.04.09-02.17.59:731][  0]LogConfig: Setting CVar [[r.RHICmdBypass:0]]
[2022.04.09-02.17.59:732][  0]LogConfig: Applying CVar settings from Section [/Script/Engine.RendererSettings] File [C:/UE4 Doc Repositories/RealTimeDataPing/RealTimeDataPing/Saved/Config/Windows/Engine.ini]
[2022.04.09-02.17.59:732][  0]LogConfig: Setting CVar [[r.GPUCrashDebugging:0]]
[2022.04.09-02.17.59:732][  0]LogConfig: Applying CVar settings from Section [/Script/Engine.RendererOverrideSettings] File [C:/UE4 Doc Repositories/RealTimeDataPing/RealTimeDataPing/Saved/Config/Windows/Engine.ini]
[2022.04.09-02.17.59:732][  0]LogConfig: Applying CVar settings from Section [/Script/Engine.StreamingSettings] File [C:/UE4 Doc Repositories/RealTimeDataPing/RealTimeDataPing/Saved/Config/Windows/Engine.ini]
[2022.04.09-02.17.59:732][  0]LogConfig: Setting CVar [[s.MinBulkDataSizeForAsyncLoading:131072]]
[2022.04.09-02.17.59:732][  0]LogConfig: Setting CVar [[s.AsyncLoadingThreadEnabled:0]]
[2022.04.09-02.17.59:732][  0]LogConfig: Setting CVar [[s.EventDrivenLoaderEnabled:1]]
[2022.04.09-02.17.59:732][  0]LogConfig: Setting CVar [[s.WarnIfTimeLimitExceeded:0]]
[2022.04.09-02.17.59:732][  0]LogConfig: Setting CVar [[s.TimeLimitExceededMultiplier:1.5]]
[2022.04.09-02.17.59:732][  0]LogConfig: Setting CVar [[s.TimeLimitExceededMinTime:0.005]]
[2022.04.09-02.17.59:732][  0]LogConfig: Setting CVar [[s.UseBackgroundLevelStreaming:1]]
[2022.04.09-02.17.59:732][  0]LogConfig: Setting CVar [[s.PriorityAsyncLoadingExtraTime:15.0]]
[2022.04.09-02.17.59:732][  0]LogConfig: Setting CVar [[s.LevelStreamingActorsUpdateTimeLimit:5.0]]
[2022.04.09-02.17.59:732][  0]LogConfig: Setting CVar [[s.PriorityLevelStreamingActorsUpdateExtraTime:5.0]]
[2022.04.09-02.17.59:732][  0]LogConfig: Setting CVar [[s.LevelStreamingComponentsRegistrationGranularity:10]]
[2022.04.09-02.17.59:732][  0]LogConfig: Setting CVar [[s.UnregisterComponentsTimeLimit:1.0]]
[2022.04.09-02.17.59:732][  0]LogConfig: Setting CVar [[s.LevelStreamingComponentsUnregistrationGranularity:5]]
[2022.04.09-02.17.59:732][  0]LogConfig: Setting CVar [[s.FlushStreamingOnExit:1]]
[2022.04.09-02.17.59:732][  0]LogConfig: Applying CVar settings from Section [/Script/Engine.GarbageCollectionSettings] File [C:/UE4 Doc Repositories/RealTimeDataPing/RealTimeDataPing/Saved/Config/Windows/Engine.ini]
[2022.04.09-02.17.59:732][  0]LogConfig: Setting CVar [[gc.MaxObjectsNotConsideredByGC:1]]
[2022.04.09-02.17.59:732][  0]LogConfig: Setting CVar [[gc.SizeOfPermanentObjectPool:0]]
[2022.04.09-02.17.59:732][  0]LogConfig: Setting CVar [[gc.FlushStreamingOnGC:0]]
[2022.04.09-02.17.59:732][  0]LogConfig: Setting CVar [[gc.NumRetriesBeforeForcingGC:10]]
[2022.04.09-02.17.59:732][  0]LogConfig: Setting CVar [[gc.AllowParallelGC:1]]
[2022.04.09-02.17.59:732][  0]LogConfig: Setting CVar [[gc.TimeBetweenPurgingPendingKillObjects:61.1]]
[2022.04.09-02.17.59:732][  0]LogConfig: Setting CVar [[gc.MaxObjectsInEditor:25165824]]
[2022.04.09-02.17.59:732][  0]LogConfig: Setting CVar [[gc.IncrementalBeginDestroyEnabled:1]]
[2022.04.09-02.17.59:732][  0]LogConfig: Setting CVar [[gc.CreateGCClusters:1]]
[2022.04.09-02.17.59:732][  0]LogConfig: Setting CVar [[gc.MinGCClusterSize:5]]
[2022.04.09-02.17.59:732][  0]LogConfig: Setting CVar [[gc.ActorClusteringEnabled:0]]
[2022.04.09-02.17.59:732][  0]LogConfig: Setting CVar [[gc.BlueprintClusteringEnabled:0]]
[2022.04.09-02.17.59:732][  0]LogConfig: Setting CVar [[gc.UseDisregardForGCOnDedicatedServers:0]]
[2022.04.09-02.17.59:732][  0]LogConfig: Setting CVar [[gc.MultithreadedDestructionEnabled:1]]
[2022.04.09-02.17.59:732][  0]LogConfig: Applying CVar settings from Section [/Script/Engine.NetworkSettings] File [C:/UE4 Doc Repositories/RealTimeDataPing/RealTimeDataPing/Saved/Config/Windows/Engine.ini]
[2022.04.09-02.17.59:732][  0]LogConfig: Applying CVar settings from Section [/Script/UnrealEd.CookerSettings] File [C:/UE4 Doc Repositories/RealTimeDataPing/RealTimeDataPing/Saved/Config/Windows/Engine.ini]
[2022.04.09-02.17.59:761][  0]LogConfig: Applying CVar settings from Section [ViewDistanceQuality@3] File [C:/UE4 Doc Repositories/RealTimeDataPing/RealTimeDataPing/Saved/Config/Windows/Scalability.ini]
[2022.04.09-02.17.59:761][  0]LogConfig: Setting CVar [[r.SkeletalMeshLODBias:0]]
[2022.04.09-02.17.59:761][  0]LogConfig: Setting CVar [[r.ViewDistanceScale:1.0]]
[2022.04.09-02.17.59:761][  0]LogConfig: Applying CVar settings from Section [AntiAliasingQuality@3] File [C:/UE4 Doc Repositories/RealTimeDataPing/RealTimeDataPing/Saved/Config/Windows/Scalability.ini]
[2022.04.09-02.17.59:761][  0]LogConfig: Setting CVar [[r.PostProcessAAQuality:4]]
[2022.04.09-02.17.59:761][  0]LogConfig: Applying CVar settings from Section [ShadowQuality@3] File [C:/UE4 Doc Repositories/RealTimeDataPing/RealTimeDataPing/Saved/Config/Windows/Scalability.ini]
[2022.04.09-02.17.59:761][  0]LogConfig: Setting CVar [[r.LightFunctionQuality:1]]
[2022.04.09-02.17.59:761][  0]LogConfig: Setting CVar [[r.ShadowQuality:5]]
[2022.04.09-02.17.59:761][  0]LogConfig: Setting CVar [[r.Shadow.CSM.MaxCascades:10]]
[2022.04.09-02.17.59:761][  0]LogConfig: Setting CVar [[r.Shadow.MaxResolution:2048]]
[2022.04.09-02.17.59:761][  0]LogConfig: Setting CVar [[r.Shadow.MaxCSMResolution:2048]]
[2022.04.09-02.17.59:761][  0]LogConfig: Setting CVar [[r.Shadow.RadiusThreshold:0.01]]
[2022.04.09-02.17.59:761][  0]LogConfig: Setting CVar [[r.Shadow.DistanceScale:1.0]]
[2022.04.09-02.17.59:761][  0]LogConfig: Setting CVar [[r.Shadow.CSM.TransitionScale:1.0]]
[2022.04.09-02.17.59:761][  0]LogConfig: Setting CVar [[r.Shadow.PreShadowResolutionFactor:1.0]]
[2022.04.09-02.17.59:761][  0]LogConfig: Setting CVar [[r.DistanceFieldShadowing:1]]
[2022.04.09-02.17.59:761][  0]LogConfig: Setting CVar [[r.DistanceFieldAO:1]]
[2022.04.09-02.17.59:761][  0]LogConfig: Setting CVar [[r.AOQuality:2]]
[2022.04.09-02.17.59:761][  0]LogConfig: Setting CVar [[r.VolumetricFog:1]]
[2022.04.09-02.17.59:761][  0]LogConfig: Setting CVar [[r.VolumetricFog.GridPixelSize:8]]
[2022.04.09-02.17.59:761][  0]LogConfig: Setting CVar [[r.VolumetricFog.GridSizeZ:128]]
[2022.04.09-02.17.59:761][  0]LogConfig: Setting CVar [[r.VolumetricFog.HistoryMissSupersampleCount:4]]
[2022.04.09-02.17.59:761][  0]LogConfig: Setting CVar [[r.LightMaxDrawDistanceScale:1]]
[2022.04.09-02.17.59:761][  0]LogConfig: Setting CVar [[r.CapsuleShadows:1]]
[2022.04.09-02.17.59:761][  0]LogConfig: Applying CVar settings from Section [PostProcessQuality@3] File [C:/UE4 Doc Repositories/RealTimeDataPing/RealTimeDataPing/Saved/Config/Windows/Scalability.ini]
[2022.04.09-02.17.59:761][  0]LogConfig: Setting CVar [[r.MotionBlurQuality:4]]
[2022.04.09-02.17.59:761][  0]LogConfig: Setting CVar [[r.AmbientOcclusionMipLevelFactor:0.4]]
[2022.04.09-02.17.59:761][  0]LogConfig: Setting CVar [[r.AmbientOcclusionMaxQuality:100]]
[2022.04.09-02.17.59:761][  0]LogConfig: Setting CVar [[r.AmbientOcclusionLevels:-1]]
[2022.04.09-02.17.59:761][  0]LogConfig: Setting CVar [[r.AmbientOcclusionRadiusScale:1.0]]
[2022.04.09-02.17.59:761][  0]LogConfig: Setting CVar [[r.DepthOfFieldQuality:2]]
[2022.04.09-02.17.59:761][  0]LogConfig: Setting CVar [[r.RenderTargetPoolMin:400]]
[2022.04.09-02.17.59:761][  0]LogConfig: Setting CVar [[r.LensFlareQuality:2]]
[2022.04.09-02.17.59:761][  0]LogConfig: Setting CVar [[r.SceneColorFringeQuality:1]]
[2022.04.09-02.17.59:761][  0]LogConfig: Setting CVar [[r.EyeAdaptationQuality:2]]
[2022.04.09-02.17.59:761][  0]LogConfig: Setting CVar [[r.BloomQuality:5]]
[2022.04.09-02.17.59:761][  0]LogConfig: Setting CVar [[r.FastBlurThreshold:100]]
[2022.04.09-02.17.59:761][  0]LogConfig: Setting CVar [[r.Upscale.Quality:3]]
[2022.04.09-02.17.59:761][  0]LogConfig: Setting CVar [[r.Tonemapper.GrainQuantization:1]]
[2022.04.09-02.17.59:761][  0]LogConfig: Setting CVar [[r.LightShaftQuality:1]]
[2022.04.09-02.17.59:761][  0]LogConfig: Setting CVar [[r.Filter.SizeScale:1]]
[2022.04.09-02.17.59:761][  0]LogConfig: Setting CVar [[r.Tonemapper.Quality:5]]
[2022.04.09-02.17.59:761][  0]LogConfig: Setting CVar [[r.DOF.Gather.AccumulatorQuality:1        ; higher gathering accumulator quality]]
[2022.04.09-02.17.59:761][  0]LogConfig: Setting CVar [[r.DOF.Gather.PostfilterMethod:1          ; Median3x3 postfilering method]]
[2022.04.09-02.17.59:761][  0]LogConfig: Setting CVar [[r.DOF.Gather.EnableBokehSettings:0       ; no bokeh simulation when gathering]]
[2022.04.09-02.17.59:761][  0]LogConfig: Setting CVar [[r.DOF.Gather.RingCount:4                 ; medium number of samples when gathering]]
[2022.04.09-02.17.59:761][  0]LogConfig: Setting CVar [[r.DOF.Scatter.ForegroundCompositing:1    ; additive foreground scattering]]
[2022.04.09-02.17.59:761][  0]LogConfig: Setting CVar [[r.DOF.Scatter.BackgroundCompositing:2    ; additive background scattering]]
[2022.04.09-02.17.59:761][  0]LogConfig: Setting CVar [[r.DOF.Scatter.EnableBokehSettings:1      ; bokeh simulation when scattering]]
[2022.04.09-02.17.59:761][  0]LogConfig: Setting CVar [[r.DOF.Scatter.MaxSpriteRatio:0.1         ; only a maximum of 10% of scattered bokeh]]
[2022.04.09-02.17.59:761][  0]LogConfig: Setting CVar [[r.DOF.Recombine.Quality:1                ; cheap slight out of focus]]
[2022.04.09-02.17.59:761][  0]LogConfig: Setting CVar [[r.DOF.Recombine.EnableBokehSettings:0    ; no bokeh simulation on slight out of focus]]
[2022.04.09-02.17.59:762][  0]LogConfig: Setting CVar [[r.DOF.TemporalAAQuality:1                ; more stable temporal accumulation]]
[2022.04.09-02.17.59:762][  0]LogConfig: Setting CVar [[r.DOF.Kernel.MaxForegroundRadius:0.025]]
[2022.04.09-02.17.59:762][  0]LogConfig: Setting CVar [[r.DOF.Kernel.MaxBackgroundRadius:0.025]]
[2022.04.09-02.17.59:762][  0]LogConfig: Applying CVar settings from Section [TextureQuality@3] File [C:/UE4 Doc Repositories/RealTimeDataPing/RealTimeDataPing/Saved/Config/Windows/Scalability.ini]
[2022.04.09-02.17.59:762][  0]LogConfig: Setting CVar [[r.Streaming.MipBias:0]]
[2022.04.09-02.17.59:762][  0]LogConfig: Setting CVar [[r.Streaming.AmortizeCPUToGPUCopy:0]]
[2022.04.09-02.17.59:762][  0]LogConfig: Setting CVar [[r.Streaming.MaxNumTexturesToStreamPerFrame:0]]
[2022.04.09-02.17.59:762][  0]LogConfig: Setting CVar [[r.Streaming.Boost:1]]
[2022.04.09-02.17.59:762][  0]LogConfig: Setting CVar [[r.MaxAnisotropy:8]]
[2022.04.09-02.17.59:762][  0]LogConfig: Setting CVar [[r.VT.MaxAnisotropy:8]]
[2022.04.09-02.17.59:762][  0]LogConfig: Setting CVar [[r.Streaming.LimitPoolSizeToVRAM:0]]
[2022.04.09-02.17.59:762][  0]LogConfig: Setting CVar [[r.Streaming.PoolSize:1000]]
[2022.04.09-02.17.59:762][  0]LogConfig: Setting CVar [[r.Streaming.MaxEffectiveScreenSize:0]]
[2022.04.09-02.17.59:762][  0]LogConfig: Applying CVar settings from Section [EffectsQuality@3] File [C:/UE4 Doc Repositories/RealTimeDataPing/RealTimeDataPing/Saved/Config/Windows/Scalability.ini]
[2022.04.09-02.17.59:762][  0]LogConfig: Setting CVar [[r.TranslucencyLightingVolumeDim:64]]
[2022.04.09-02.17.59:762][  0]LogConfig: Setting CVar [[r.RefractionQuality:2]]
[2022.04.09-02.17.59:762][  0]LogConfig: Setting CVar [[r.SSR.Quality:3]]
[2022.04.09-02.17.59:762][  0]LogConfig: Setting CVar [[r.SSR.HalfResSceneColor:0]]
[2022.04.09-02.17.59:762][  0]LogConfig: Setting CVar [[r.SceneColorFormat:4]]
[2022.04.09-02.17.59:762][  0]LogConfig: Setting CVar [[r.DetailMode:2]]
[2022.04.09-02.17.59:762][  0]LogConfig: Setting CVar [[r.TranslucencyVolumeBlur:1]]
[2022.04.09-02.17.59:762][  0]LogConfig: Setting CVar [[r.MaterialQualityLevel:1 ; High quality]]
[2022.04.09-02.17.59:762][  0]LogConfig: Setting CVar [[r.AnisotropicMaterials:1]]
[2022.04.09-02.17.59:762][  0]LogConfig: Setting CVar [[r.SSS.Scale:1]]
[2022.04.09-02.17.59:762][  0]LogConfig: Setting CVar [[r.SSS.SampleSet:2]]
[2022.04.09-02.17.59:762][  0]LogConfig: Setting CVar [[r.SSS.Quality:1]]
[2022.04.09-02.17.59:762][  0]LogConfig: Setting CVar [[r.SSS.HalfRes:0]]
[2022.04.09-02.17.59:762][  0]LogConfig: Setting CVar [[r.SSGI.Quality:3]]
[2022.04.09-02.17.59:762][  0]LogConfig: Setting CVar [[r.EmitterSpawnRateScale:1.0]]
[2022.04.09-02.17.59:762][  0]LogConfig: Setting CVar [[r.ParticleLightQuality:2]]
[2022.04.09-02.17.59:762][  0]LogConfig: Setting CVar [[r.SkyAtmosphere.AerialPerspectiveLUT.FastApplyOnOpaque:1 ; Always have FastSkyLUT 1 in this case to avoid wrong sky]]
[2022.04.09-02.17.59:762][  0]LogConfig: Setting CVar [[r.SkyAtmosphere.AerialPerspectiveLUT.SampleCountMaxPerSlice:4]]
[2022.04.09-02.17.59:762][  0]LogConfig: Setting CVar [[r.SkyAtmosphere.AerialPerspectiveLUT.DepthResolution:16.0]]
[2022.04.09-02.17.59:762][  0]LogConfig: Setting CVar [[r.SkyAtmosphere.FastSkyLUT:1]]
[2022.04.09-02.17.59:762][  0]LogConfig: Setting CVar [[r.SkyAtmosphere.FastSkyLUT.SampleCountMin:4.0]]
[2022.04.09-02.17.59:762][  0]LogConfig: Setting CVar [[r.SkyAtmosphere.FastSkyLUT.SampleCountMax:128.0]]
[2022.04.09-02.17.59:762][  0]LogConfig: Setting CVar [[r.SkyAtmosphere.SampleCountMin:4.0]]
[2022.04.09-02.17.59:762][  0]LogConfig: Setting CVar [[r.SkyAtmosphere.SampleCountMax:128.0]]
[2022.04.09-02.17.59:762][  0]LogConfig: Setting CVar [[r.SkyAtmosphere.TransmittanceLUT.UseSmallFormat:0]]
[2022.04.09-02.17.59:762][  0]LogConfig: Setting CVar [[r.SkyAtmosphere.TransmittanceLUT.SampleCount:10.0]]
[2022.04.09-02.17.59:762][  0]LogConfig: Setting CVar [[r.SkyAtmosphere.MultiScatteringLUT.SampleCount:15.0]]
[2022.04.09-02.17.59:762][  0]LogConfig: Setting CVar [[r.SkyLight.RealTimeReflectionCapture:1]]
[2022.04.09-02.17.59:762][  0]LogConfig: Applying CVar settings from Section [FoliageQuality@3] File [C:/UE4 Doc Repositories/RealTimeDataPing/RealTimeDataPing/Saved/Config/Windows/Scalability.ini]
[2022.04.09-02.17.59:762][  0]LogConfig: Setting CVar [[foliage.DensityScale:1.0]]
[2022.04.09-02.17.59:762][  0]LogConfig: Setting CVar [[grass.DensityScale:1.0]]
[2022.04.09-02.17.59:762][  0]LogConfig: Applying CVar settings from Section [ShadingQuality@3] File [C:/UE4 Doc Repositories/RealTimeDataPing/RealTimeDataPing/Saved/Config/Windows/Scalability.ini]
[2022.04.09-02.17.59:762][  0]LogConfig: Setting CVar [[r.HairStrands.SkyLighting.IntegrationType:2]]
[2022.04.09-02.17.59:762][  0]LogConfig: Setting CVar [[r.HairStrands.SkyAO.SampleCount:4]]
[2022.04.09-02.17.59:762][  0]LogConfig: Setting CVar [[r.HairStrands.Visibility.MSAA.SamplePerPixel:4]]
[2022.04.09-02.17.59:764][  0]LogInit: Selected Device Profile: [Windows]
[2022.04.09-02.17.59:765][  0]LogInit: Applying CVar settings loaded from the selected device profile: [Windows]
[2022.04.09-02.17.59:766][  0]LogHAL: Display: Platform has ~ 8 GB [8519446528 / 8589934592 / 8], which maps to Default [LargestMinGB=32, LargerMinGB=12, DefaultMinGB=8, SmallerMinGB=6, SmallestMinGB=0)
[2022.04.09-02.17.59:767][  0]LogInit: Going up to parent DeviceProfile []
[2022.04.09-02.17.59:767][  0]LogConfig: Applying CVar settings from Section [ViewDistanceQuality@3] File [C:/UE4 Doc Repositories/RealTimeDataPing/RealTimeDataPing/Saved/Config/Windows/Scalability.ini]
[2022.04.09-02.17.59:767][  0]LogConfig: Setting CVar [[r.SkeletalMeshLODBias:0]]
[2022.04.09-02.17.59:767][  0]LogConfig: Setting CVar [[r.ViewDistanceScale:1.0]]
[2022.04.09-02.17.59:767][  0]LogConfig: Applying CVar settings from Section [AntiAliasingQuality@3] File [C:/UE4 Doc Repositories/RealTimeDataPing/RealTimeDataPing/Saved/Config/Windows/Scalability.ini]
[2022.04.09-02.17.59:767][  0]LogConfig: Setting CVar [[r.PostProcessAAQuality:4]]
[2022.04.09-02.17.59:767][  0]LogConfig: Applying CVar settings from Section [ShadowQuality@3] File [C:/UE4 Doc Repositories/RealTimeDataPing/RealTimeDataPing/Saved/Config/Windows/Scalability.ini]
[2022.04.09-02.17.59:767][  0]LogConfig: Setting CVar [[r.LightFunctionQuality:1]]
[2022.04.09-02.17.59:767][  0]LogConfig: Setting CVar [[r.ShadowQuality:5]]
[2022.04.09-02.17.59:767][  0]LogConfig: Setting CVar [[r.Shadow.CSM.MaxCascades:10]]
[2022.04.09-02.17.59:767][  0]LogConfig: Setting CVar [[r.Shadow.MaxResolution:2048]]
[2022.04.09-02.17.59:767][  0]LogConfig: Setting CVar [[r.Shadow.MaxCSMResolution:2048]]
[2022.04.09-02.17.59:767][  0]LogConfig: Setting CVar [[r.Shadow.RadiusThreshold:0.01]]
[2022.04.09-02.17.59:767][  0]LogConfig: Setting CVar [[r.Shadow.DistanceScale:1.0]]
[2022.04.09-02.17.59:767][  0]LogConfig: Setting CVar [[r.Shadow.CSM.TransitionScale:1.0]]
[2022.04.09-02.17.59:767][  0]LogConfig: Setting CVar [[r.Shadow.PreShadowResolutionFactor:1.0]]
[2022.04.09-02.17.59:767][  0]LogConfig: Setting CVar [[r.DistanceFieldShadowing:1]]
[2022.04.09-02.17.59:767][  0]LogConfig: Setting CVar [[r.DistanceFieldAO:1]]
[2022.04.09-02.17.59:767][  0]LogConfig: Setting CVar [[r.AOQuality:2]]
[2022.04.09-02.17.59:767][  0]LogConfig: Setting CVar [[r.VolumetricFog:1]]
[2022.04.09-02.17.59:767][  0]LogConfig: Setting CVar [[r.VolumetricFog.GridPixelSize:8]]
[2022.04.09-02.17.59:767][  0]LogConfig: Setting CVar [[r.VolumetricFog.GridSizeZ:128]]
[2022.04.09-02.17.59:767][  0]LogConfig: Setting CVar [[r.VolumetricFog.HistoryMissSupersampleCount:4]]
[2022.04.09-02.17.59:767][  0]LogConfig: Setting CVar [[r.LightMaxDrawDistanceScale:1]]
[2022.04.09-02.17.59:767][  0]LogConfig: Setting CVar [[r.CapsuleShadows:1]]
[2022.04.09-02.17.59:767][  0]LogConfig: Applying CVar settings from Section [PostProcessQuality@3] File [C:/UE4 Doc Repositories/RealTimeDataPing/RealTimeDataPing/Saved/Config/Windows/Scalability.ini]
[2022.04.09-02.17.59:767][  0]LogConfig: Setting CVar [[r.MotionBlurQuality:4]]
[2022.04.09-02.17.59:767][  0]LogConfig: Setting CVar [[r.AmbientOcclusionMipLevelFactor:0.4]]
[2022.04.09-02.17.59:767][  0]LogConfig: Setting CVar [[r.AmbientOcclusionMaxQuality:100]]
[2022.04.09-02.17.59:767][  0]LogConfig: Setting CVar [[r.AmbientOcclusionLevels:-1]]
[2022.04.09-02.17.59:767][  0]LogConfig: Setting CVar [[r.AmbientOcclusionRadiusScale:1.0]]
[2022.04.09-02.17.59:767][  0]LogConfig: Setting CVar [[r.DepthOfFieldQuality:2]]
[2022.04.09-02.17.59:767][  0]LogConfig: Setting CVar [[r.RenderTargetPoolMin:400]]
[2022.04.09-02.17.59:767][  0]LogConfig: Setting CVar [[r.LensFlareQuality:2]]
[2022.04.09-02.17.59:767][  0]LogConfig: Setting CVar [[r.SceneColorFringeQuality:1]]
[2022.04.09-02.17.59:767][  0]LogConfig: Setting CVar [[r.EyeAdaptationQuality:2]]
[2022.04.09-02.17.59:767][  0]LogConfig: Setting CVar [[r.BloomQuality:5]]
[2022.04.09-02.17.59:767][  0]LogConfig: Setting CVar [[r.FastBlurThreshold:100]]
[2022.04.09-02.17.59:767][  0]LogConfig: Setting CVar [[r.Upscale.Quality:3]]
[2022.04.09-02.17.59:767][  0]LogConfig: Setting CVar [[r.Tonemapper.GrainQuantization:1]]
[2022.04.09-02.17.59:767][  0]LogConfig: Setting CVar [[r.LightShaftQuality:1]]
[2022.04.09-02.17.59:767][  0]LogConfig: Setting CVar [[r.Filter.SizeScale:1]]
[2022.04.09-02.17.59:767][  0]LogConfig: Setting CVar [[r.Tonemapper.Quality:5]]
[2022.04.09-02.17.59:767][  0]LogConfig: Setting CVar [[r.DOF.Gather.AccumulatorQuality:1        ; higher gathering accumulator quality]]
[2022.04.09-02.17.59:767][  0]LogConfig: Setting CVar [[r.DOF.Gather.PostfilterMethod:1          ; Median3x3 postfilering method]]
[2022.04.09-02.17.59:767][  0]LogConfig: Setting CVar [[r.DOF.Gather.EnableBokehSettings:0       ; no bokeh simulation when gathering]]
[2022.04.09-02.17.59:767][  0]LogConfig: Setting CVar [[r.DOF.Gather.RingCount:4                 ; medium number of samples when gathering]]
[2022.04.09-02.17.59:767][  0]LogConfig: Setting CVar [[r.DOF.Scatter.ForegroundCompositing:1    ; additive foreground scattering]]
[2022.04.09-02.17.59:767][  0]LogConfig: Setting CVar [[r.DOF.Scatter.BackgroundCompositing:2    ; additive background scattering]]
[2022.04.09-02.17.59:767][  0]LogConfig: Setting CVar [[r.DOF.Scatter.EnableBokehSettings:1      ; bokeh simulation when scattering]]
[2022.04.09-02.17.59:767][  0]LogConfig: Setting CVar [[r.DOF.Scatter.MaxSpriteRatio:0.1         ; only a maximum of 10% of scattered bokeh]]
[2022.04.09-02.17.59:767][  0]LogConfig: Setting CVar [[r.DOF.Recombine.Quality:1                ; cheap slight out of focus]]
[2022.04.09-02.17.59:767][  0]LogConfig: Setting CVar [[r.DOF.Recombine.EnableBokehSettings:0    ; no bokeh simulation on slight out of focus]]
[2022.04.09-02.17.59:767][  0]LogConfig: Setting CVar [[r.DOF.TemporalAAQuality:1                ; more stable temporal accumulation]]
[2022.04.09-02.17.59:767][  0]LogConfig: Setting CVar [[r.DOF.Kernel.MaxForegroundRadius:0.025]]
[2022.04.09-02.17.59:767][  0]LogConfig: Setting CVar [[r.DOF.Kernel.MaxBackgroundRadius:0.025]]
[2022.04.09-02.17.59:767][  0]LogConfig: Applying CVar settings from Section [TextureQuality@3] File [C:/UE4 Doc Repositories/RealTimeDataPing/RealTimeDataPing/Saved/Config/Windows/Scalability.ini]
[2022.04.09-02.17.59:767][  0]LogConfig: Setting CVar [[r.Streaming.MipBias:0]]
[2022.04.09-02.17.59:767][  0]LogConfig: Setting CVar [[r.Streaming.AmortizeCPUToGPUCopy:0]]
[2022.04.09-02.17.59:767][  0]LogConfig: Setting CVar [[r.Streaming.MaxNumTexturesToStreamPerFrame:0]]
[2022.04.09-02.17.59:767][  0]LogConfig: Setting CVar [[r.Streaming.Boost:1]]
[2022.04.09-02.17.59:767][  0]LogConfig: Setting CVar [[r.MaxAnisotropy:8]]
[2022.04.09-02.17.59:767][  0]LogConfig: Setting CVar [[r.VT.MaxAnisotropy:8]]
[2022.04.09-02.17.59:768][  0]LogConfig: Setting CVar [[r.Streaming.LimitPoolSizeToVRAM:0]]
[2022.04.09-02.17.59:768][  0]LogConfig: Setting CVar [[r.Streaming.PoolSize:1000]]
[2022.04.09-02.17.59:768][  0]LogConfig: Setting CVar [[r.Streaming.MaxEffectiveScreenSize:0]]
[2022.04.09-02.17.59:768][  0]LogConfig: Applying CVar settings from Section [EffectsQuality@3] File [C:/UE4 Doc Repositories/RealTimeDataPing/RealTimeDataPing/Saved/Config/Windows/Scalability.ini]
[2022.04.09-02.17.59:768][  0]LogConfig: Setting CVar [[r.TranslucencyLightingVolumeDim:64]]
[2022.04.09-02.17.59:768][  0]LogConfig: Setting CVar [[r.RefractionQuality:2]]
[2022.04.09-02.17.59:768][  0]LogConfig: Setting CVar [[r.SSR.Quality:3]]
[2022.04.09-02.17.59:768][  0]LogConfig: Setting CVar [[r.SSR.HalfResSceneColor:0]]
[2022.04.09-02.17.59:768][  0]LogConfig: Setting CVar [[r.SceneColorFormat:4]]
[2022.04.09-02.17.59:768][  0]LogConfig: Setting CVar [[r.DetailMode:2]]
[2022.04.09-02.17.59:768][  0]LogConfig: Setting CVar [[r.TranslucencyVolumeBlur:1]]
[2022.04.09-02.17.59:768][  0]LogConfig: Setting CVar [[r.MaterialQualityLevel:1 ; High quality]]
[2022.04.09-02.17.59:768][  0]LogConfig: Setting CVar [[r.AnisotropicMaterials:1]]
[2022.04.09-02.17.59:768][  0]LogConfig: Setting CVar [[r.SSS.Scale:1]]
[2022.04.09-02.17.59:768][  0]LogConfig: Setting CVar [[r.SSS.SampleSet:2]]
[2022.04.09-02.17.59:768][  0]LogConfig: Setting CVar [[r.SSS.Quality:1]]
[2022.04.09-02.17.59:768][  0]LogConfig: Setting CVar [[r.SSS.HalfRes:0]]
[2022.04.09-02.17.59:768][  0]LogConfig: Setting CVar [[r.SSGI.Quality:3]]
[2022.04.09-02.17.59:768][  0]LogConfig: Setting CVar [[r.EmitterSpawnRateScale:1.0]]
[2022.04.09-02.17.59:768][  0]LogConfig: Setting CVar [[r.ParticleLightQuality:2]]
[2022.04.09-02.17.59:768][  0]LogConfig: Setting CVar [[r.SkyAtmosphere.AerialPerspectiveLUT.FastApplyOnOpaque:1 ; Always have FastSkyLUT 1 in this case to avoid wrong sky]]
[2022.04.09-02.17.59:768][  0]LogConfig: Setting CVar [[r.SkyAtmosphere.AerialPerspectiveLUT.SampleCountMaxPerSlice:4]]
[2022.04.09-02.17.59:768][  0]LogConfig: Setting CVar [[r.SkyAtmosphere.AerialPerspectiveLUT.DepthResolution:16.0]]
[2022.04.09-02.17.59:768][  0]LogConfig: Setting CVar [[r.SkyAtmosphere.FastSkyLUT:1]]
[2022.04.09-02.17.59:768][  0]LogConfig: Setting CVar [[r.SkyAtmosphere.FastSkyLUT.SampleCountMin:4.0]]
[2022.04.09-02.17.59:768][  0]LogConfig: Setting CVar [[r.SkyAtmosphere.FastSkyLUT.SampleCountMax:128.0]]
[2022.04.09-02.17.59:768][  0]LogConfig: Setting CVar [[r.SkyAtmosphere.SampleCountMin:4.0]]
[2022.04.09-02.17.59:768][  0]LogConfig: Setting CVar [[r.SkyAtmosphere.SampleCountMax:128.0]]
[2022.04.09-02.17.59:768][  0]LogConfig: Setting CVar [[r.SkyAtmosphere.TransmittanceLUT.UseSmallFormat:0]]
[2022.04.09-02.17.59:768][  0]LogConfig: Setting CVar [[r.SkyAtmosphere.TransmittanceLUT.SampleCount:10.0]]
[2022.04.09-02.17.59:768][  0]LogConfig: Setting CVar [[r.SkyAtmosphere.MultiScatteringLUT.SampleCount:15.0]]
[2022.04.09-02.17.59:768][  0]LogConfig: Setting CVar [[r.SkyLight.RealTimeReflectionCapture:1]]
[2022.04.09-02.17.59:768][  0]LogConfig: Applying CVar settings from Section [FoliageQuality@3] File [C:/UE4 Doc Repositories/RealTimeDataPing/RealTimeDataPing/Saved/Config/Windows/Scalability.ini]
[2022.04.09-02.17.59:768][  0]LogConfig: Setting CVar [[foliage.DensityScale:1.0]]
[2022.04.09-02.17.59:768][  0]LogConfig: Setting CVar [[grass.DensityScale:1.0]]
[2022.04.09-02.17.59:768][  0]LogConfig: Applying CVar settings from Section [ShadingQuality@3] File [C:/UE4 Doc Repositories/RealTimeDataPing/RealTimeDataPing/Saved/Config/Windows/Scalability.ini]
[2022.04.09-02.17.59:768][  0]LogConfig: Setting CVar [[r.HairStrands.SkyLighting.IntegrationType:2]]
[2022.04.09-02.17.59:768][  0]LogConfig: Setting CVar [[r.HairStrands.SkyAO.SampleCount:4]]
[2022.04.09-02.17.59:768][  0]LogConfig: Setting CVar [[r.HairStrands.Visibility.MSAA.SamplePerPixel:4]]
[2022.04.09-02.17.59:768][  0]LogConfig: Applying CVar settings from Section [Startup] File [../../../Engine/Config/ConsoleVariables.ini]
[2022.04.09-02.17.59:774][  0]LogConfig: Setting CVar [[net.UseAdaptiveNetUpdateFrequency:0]]
[2022.04.09-02.17.59:774][  0]LogConfig: Setting CVar [[p.chaos.AllowCreatePhysxBodies:1]]
[2022.04.09-02.17.59:774][  0]LogConfig: Setting CVar [[fx.SkipVectorVMBackendOptimizations:1]]
[2022.04.09-02.17.59:774][  0]LogConfig: Applying CVar settings from Section [ConsoleVariables] File [C:/UE4 Doc Repositories/RealTimeDataPing/RealTimeDataPing/Saved/Config/Windows/Engine.ini]
[2022.04.09-02.17.59:774][  0]LogConfig: Applying CVar settings from Section [ConsoleVariables] File [C:/UE4 Doc Repositories/RealTimeDataPing/RealTimeDataPing/Saved/Config/Windows/Editor.ini]
[2022.04.09-02.17.59:777][  0]LogInit: Computer: DESKTOP-J37SS8T
[2022.04.09-02.17.59:777][  0]LogInit: User: Chokomaru
[2022.04.09-02.17.59:777][  0]LogInit: CPU Page size=4096, Cores=4
[2022.04.09-02.17.59:777][  0]LogInit: High frequency timer resolution =10.000000 MHz
[2022.04.09-02.17.59:777][  0]LogMemory: Memory total: Physical=7.9GB (8GB approx)
[2022.04.09-02.17.59:777][  0]LogMemory: Platform Memory Stats for Windows
[2022.04.09-02.17.59:777][  0]LogMemory: Process Physical Memory: 146.53 MB used, 146.70 MB peak
[2022.04.09-02.17.59:777][  0]LogMemory: Process Virtual Memory: 119.23 MB used, 119.23 MB peak
[2022.04.09-02.17.59:777][  0]LogMemory: Physical Memory: 5611.30 MB used,  2513.48 MB free, 8124.78 MB total
[2022.04.09-02.17.59:777][  0]LogMemory: Virtual Memory: 134202312.00 MB used,  15419.31 MB free, 134217728.00 MB total
[2022.04.09-02.17.59:784][  0]LogWindows: WindowsPlatformFeatures enabled
[2022.04.09-02.17.59:985][  0]LogInit: Physics initialised using underlying interface: PhysX
[2022.04.09-02.17.59:989][  0]LogInit: Using OS detected language (en-US).
[2022.04.09-02.17.59:989][  0]LogInit: Using OS detected locale (en-US).
[2022.04.09-02.18.00:020][  0]LogTextLocalizationManager: No specific localization for 'en-US' exists, so the 'en' localization will be used.
[2022.04.09-02.18.00:595][  0]LogInit: Setting process to per monitor DPI aware
[2022.04.09-02.18.00:636][  0]LogWindowsTextInputMethodSystem: Display: IME system deactivated.
[2022.04.09-02.18.00:708][  0]LogSlate: New Slate User Created.  User Index 0, Is Virtual User: 0
[2022.04.09-02.18.00:708][  0]LogSlate: Slate User Registered.  User Index 0, Is Virtual User: 0
[2022.04.09-02.18.03:319][  0]LogD3D11RHI: Loaded GFSDK_Aftermath_Lib.x64.dll
[2022.04.09-02.18.03:515][  0]LogHMD: Failed to initialize OpenVR with code 126
[2022.04.09-02.18.03:515][  0]LogD3D11RHI: D3D11 min allowed feature level: 11_0
[2022.04.09-02.18.03:516][  0]LogD3D11RHI: D3D11 max allowed feature level: 11_0
[2022.04.09-02.18.03:516][  0]LogD3D11RHI: D3D11 adapters:
[2022.04.09-02.18.03:783][  0]LogD3D11RHI:    0. 'NVIDIA GeForce GTX 1080' (Feature Level 11_0)
[2022.04.09-02.18.03:783][  0]LogD3D11RHI:       8079/0/4062 MB DedicatedVideo/DedicatedSystem/SharedSystem, Outputs:1, VendorId:0x10de
[2022.04.09-02.18.03:787][  0]LogD3D11RHI:    1. 'Microsoft Basic Render Driver' (Feature Level 11_0)
[2022.04.09-02.18.03:787][  0]LogD3D11RHI:       0/0/4062 MB DedicatedVideo/DedicatedSystem/SharedSystem, Outputs:0, VendorId:0x1414
[2022.04.09-02.18.03:787][  0]LogD3D11RHI: Chosen D3D11 Adapter: 0
[2022.04.09-02.18.03:794][  0]LogD3D11RHI: Creating new Direct3DDevice
[2022.04.09-02.18.03:794][  0]LogD3D11RHI:     GPU DeviceId: 0x1b80 (for the marketing name, search the web for "GPU Device Id")
[2022.04.09-02.18.03:795][  0]LogWindows: EnumDisplayDevices:
[2022.04.09-02.18.03:795][  0]LogWindows:    0. 'NVIDIA GeForce GTX 1080' (P:1 D:1)
[2022.04.09-02.18.03:795][  0]LogWindows:    1. 'NVIDIA GeForce GTX 1080' (P:0 D:0)
[2022.04.09-02.18.03:795][  0]LogWindows:    2. 'NVIDIA GeForce GTX 1080' (P:0 D:0)
[2022.04.09-02.18.03:795][  0]LogWindows:    3. 'NVIDIA GeForce GTX 1080' (P:0 D:0)
[2022.04.09-02.18.03:796][  0]LogWindows: DebugString: FoundDriverCount:4 
[2022.04.09-02.18.03:796][  0]LogD3D11RHI:     Adapter Name: NVIDIA GeForce GTX 1080
[2022.04.09-02.18.03:796][  0]LogD3D11RHI:   Driver Version: 511.23 (internal:30.0.15.1123, unified:511.23)
[2022.04.09-02.18.03:796][  0]LogD3D11RHI:      Driver Date: 1-10-2022
[2022.04.09-02.18.03:797][  0]LogRHI: Texture pool is 5655 MB (70% of 8079 MB)
[2022.04.09-02.18.03:879][  0]LogD3D11RHI: RHI has support for 64 bit atomics
[2022.04.09-02.18.03:881][  0]LogD3D11RHI: Async texture creation enabled
[2022.04.09-02.18.03:881][  0]LogD3D11RHI: Array index from any shader is supported
[2022.04.09-02.18.03:955][  0]LogD3D11RHI: GPU Timing Frequency: 1000.000000 (Debug: 2 1)
[2022.04.09-02.18.04:034][  0]LogRHI: GeForceNow SDK initialized: 1
[2022.04.09-02.18.04:867][  0]LogTargetPlatformManager: Display: Loaded TargetPlatform 'AllDesktop'
[2022.04.09-02.18.04:897][  0]LogTargetPlatformManager: Display: Loaded TargetPlatform 'Android'
[2022.04.09-02.18.04:897][  0]LogTargetPlatformManager: Display: Loaded TargetPlatform 'Android_ASTC'
[2022.04.09-02.18.04:897][  0]LogTargetPlatformManager: Display: Loaded TargetPlatform 'Android_DXT'
[2022.04.09-02.18.04:897][  0]LogTargetPlatformManager: Display: Loaded TargetPlatform 'Android_ETC2'
[2022.04.09-02.18.04:897][  0]LogTargetPlatformManager: Display: Loaded TargetPlatform 'AndroidClient'
[2022.04.09-02.18.04:897][  0]LogTargetPlatformManager: Display: Loaded TargetPlatform 'Android_ASTCClient'
[2022.04.09-02.18.04:897][  0]LogTargetPlatformManager: Display: Loaded TargetPlatform 'Android_DXTClient'
[2022.04.09-02.18.04:897][  0]LogTargetPlatformManager: Display: Loaded TargetPlatform 'Android_ETC2Client'
[2022.04.09-02.18.04:898][  0]LogTargetPlatformManager: Display: Loaded TargetPlatform 'Android_Multi'
[2022.04.09-02.18.04:898][  0]LogTargetPlatformManager: Display: Loaded TargetPlatform 'Android_MultiClient'
[2022.04.09-02.18.04:926][  0]LogTargetPlatformManager: Display: Loaded TargetPlatform 'IOSClient'
[2022.04.09-02.18.04:926][  0]LogTargetPlatformManager: Display: Loaded TargetPlatform 'IOS'
[2022.04.09-02.18.04:949][  0]LogTargetPlatformManager: Display: Loaded TargetPlatform 'Linux'
[2022.04.09-02.18.04:957][  0]LogTargetPlatformManager: Display: Loaded TargetPlatform 'LinuxNoEditor'
[2022.04.09-02.18.04:965][  0]LogTargetPlatformManager: Display: Loaded TargetPlatform 'LinuxClient'
[2022.04.09-02.18.04:972][  0]LogTargetPlatformManager: Display: Loaded TargetPlatform 'LinuxServer'
[2022.04.09-02.18.04:992][  0]LogTargetPlatformManager: Display: Loaded TargetPlatform 'LinuxAArch64NoEditor'
[2022.04.09-02.18.04:999][  0]LogTargetPlatformManager: Display: Loaded TargetPlatform 'LinuxAArch64Client'
[2022.04.09-02.18.05:007][  0]LogTargetPlatformManager: Display: Loaded TargetPlatform 'LinuxAArch64Server'
[2022.04.09-02.18.05:049][  0]LogTargetPlatformManager: Display: Loaded TargetPlatform 'Lumin'
[2022.04.09-02.18.05:049][  0]LogTargetPlatformManager: Display: Loaded TargetPlatform 'LuminClient'
[2022.04.09-02.18.05:072][  0]LogTargetPlatformManager: Display: Loaded TargetPlatform 'MacNoEditor'
[2022.04.09-02.18.05:081][  0]LogTargetPlatformManager: Display: Loaded TargetPlatform 'Mac'
[2022.04.09-02.18.05:089][  0]LogTargetPlatformManager: Display: Loaded TargetPlatform 'MacClient'
[2022.04.09-02.18.05:095][  0]LogTargetPlatformManager: Display: Loaded TargetPlatform 'MacServer'
[2022.04.09-02.18.05:110][  0]LogTargetPlatformManager: Display: Loaded TargetPlatform 'TVOSClient'
[2022.04.09-02.18.05:110][  0]LogTargetPlatformManager: Display: Loaded TargetPlatform 'TVOS'
[2022.04.09-02.18.05:125][  0]LogTargetPlatformManager: Display: Loaded TargetPlatform 'WindowsNoEditor'
[2022.04.09-02.18.05:133][  0]LogTargetPlatformManager: Display: Loaded TargetPlatform 'Windows'
[2022.04.09-02.18.05:140][  0]LogTargetPlatformManager: Display: Loaded TargetPlatform 'WindowsClient'
[2022.04.09-02.18.05:147][  0]LogTargetPlatformManager: Display: Loaded TargetPlatform 'WindowsServer'
[2022.04.09-02.18.05:147][  0]LogTargetPlatformManager: Display: Building Assets For Windows
[2022.04.09-02.18.05:164][  0]LogAudioDebug: Display: Lib vorbis DLL was dynamically loaded.
[2022.04.09-02.18.05:303][  0]LogTextureFormatOodle: Display: Oodle Texture 2.9.0 init RDO Off
[2022.04.09-02.18.05:468][  0]LogRendererCore: Ray tracing is disabled. Reason: r.RayTracing=0.
[2022.04.09-02.18.05:471][  0]LogShaderCompilers: Guid format shader working directory is -19 characters bigger than the processId version (../../../../../UE4 Doc Repositories/RealTimeDataPing/RealTimeDataPing/Intermediate/Shaders/WorkingDirectory/3704/).
[2022.04.09-02.18.05:471][  0]LogShaderCompilers: Cleaned the shader compiler working directory 'C:/Users/Chokomaru/AppData/Local/Temp/UnrealShaderWorkingDir/576FB8984BA2F7A54E841FB98EEF215D/'.
[2022.04.09-02.18.05:474][  0]LogXGEController: Cannot use XGE Controller as Incredibuild is not installed on this machine.
[2022.04.09-02.18.05:475][  0]LogShaderCompilers: Cannot use XGE Shader Compiler as Incredibuild is not installed on this machine.
[2022.04.09-02.18.05:475][  0]LogShaderCompilers: Display: Using Local Shader Compiler.
[2022.04.09-02.18.09:114][  0]LogDerivedDataCache: Display: Max Cache Size: 512 MB
[2022.04.09-02.18.10:034][  0]LogDerivedDataCache: Loaded boot cache 0.92s 212MB C:/Users/Chokomaru/AppData/Local/UnrealEngine/4.27/DerivedDataCache/Boot.ddc.
[2022.04.09-02.18.10:034][  0]LogDerivedDataCache: Display: Loaded Boot cache: C:/Users/Chokomaru/AppData/Local/UnrealEngine/4.27/DerivedDataCache/Boot.ddc
[2022.04.09-02.18.10:035][  0]LogDerivedDataCache: FDerivedDataBackendGraph:  Pak pak cache file ../../../../../UE4 Doc Repositories/RealTimeDataPing/RealTimeDataPing/DerivedDataCache/DDC.ddp not found, will not use a pak cache.
[2022.04.09-02.18.10:035][  0]LogDerivedDataCache: Unable to find inner node Pak for hierarchical cache Hierarchy.
[2022.04.09-02.18.10:035][  0]LogDerivedDataCache: FDerivedDataBackendGraph:  CompressedPak pak cache file ../../../../../UE4 Doc Repositories/RealTimeDataPing/RealTimeDataPing/DerivedDataCache/Compressed.ddp not found, will not use a pak cache.
[2022.04.09-02.18.10:035][  0]LogDerivedDataCache: Unable to find inner node CompressedPak for hierarchical cache Hierarchy.
[2022.04.09-02.18.10:069][  0]LogDerivedDataCache: Display: Pak cache opened for reading ../../../Engine/DerivedDataCache/Compressed.ddp.
[2022.04.09-02.18.10:070][  0]LogDerivedDataCache: FDerivedDataBackendGraph:  EnterprisePak pak cache file ../../../Enterprise/DerivedDataCache/Compressed.ddp not found, will not use a pak cache.
[2022.04.09-02.18.10:070][  0]LogDerivedDataCache: Unable to find inner node EnterprisePak for hierarchical cache Hierarchy.
[2022.04.09-02.18.10:138][  0]LogDerivedDataCache: Speed tests for C:/Users/Chokomaru/AppData/Local/UnrealEngine/Common/DerivedDataCache took 0.07 seconds
[2022.04.09-02.18.10:138][  0]LogDerivedDataCache: Display: Performance to C:/Users/Chokomaru/AppData/Local/UnrealEngine/Common/DerivedDataCache: Latency=0.50ms. RandomReadSpeed=18.49MBs, RandomWriteSpeed=78.40MBs. Assigned SpeedClass 'Local'
[2022.04.09-02.18.10:143][  0]LogDerivedDataCache: Using Local data cache path C:/Users/Chokomaru/AppData/Local/UnrealEngine/Common/DerivedDataCache: Writable
[2022.04.09-02.18.10:143][  0]LogDerivedDataCache: Shared data cache path not found in *engine.ini, will not use an Shared cache.
[2022.04.09-02.18.10:143][  0]LogDerivedDataCache: Unable to find inner node Shared for hierarchical cache Hierarchy.
[2022.04.09-02.18.10:228][  0]LogSlate: Using FreeType 2.10.0
[2022.04.09-02.18.10:254][  0]LogSlate: SlateFontServices - WITH_FREETYPE: 1, WITH_HARFBUZZ: 1
[2022.04.09-02.18.10:331][  0]LogAssetRegistry: FAssetRegistry took 0.0114 seconds to start up
[2022.04.09-02.18.11:378][  0]LogInit: Selected Device Profile: [Windows]
[2022.04.09-02.18.11:379][  0]LogInit: Active device profile: [0000020DCCE2CF00][0000020DC63E4880 49] Windows
[2022.04.09-02.18.11:379][  0]LogInit: Profiles: [0000020DCCE2CF00][0000020DC63E4880 49] Windows, [0000020DCCE12400][0000020DC5F16A00 49] WindowsNoEditor, [0000020DCCE2DF00][0000020DC5F1AB80 49] WindowsServer, [0000020DCCE11600][0000020DC5F1ED00 49] WindowsClient, [0000020DCCE2D000][0000020DC5F22E80 49] IOS, [0000020DCCE13A00][0000020DC63E8FC0 49] iPadAir, [0000020DCCE2F300][0000020DC5F27100 49] iPadAir2, [0000020DCCDB5300][0000020DC5F2F340 49] IPadPro, [0000020DCCDB5400][0000020DC5F2B380 49] iPadAir3, [0000020DCCE10B00][0000020DC5F37500 49] iPadAir4, [0000020DCCDB6100][0000020DC5F3B680 49] iPadMini2, [0000020DCCE13400][0000020DC5F3F800 49] iPadMini3, [0000020DCCDB6C00][0000020DC5F43980 49] iPadMini4, [0000020DCCE12700][0000020DC5F47B00 49] iPadMini5, [0000020DCCDE0E00][0000020DC5B7A240 49] iPhone6, [0000020DCCDE0F00][0000020DC5F4A280 49] iPodTouch6, [0000020DCCE2E800][0000020DC5B82540 49] iPhone7, [0000020DCCE2E900][0000020DC5B7E580 49] iPodTouch7, [0000020DCCDB4C00][0000020DC5B86700 49] iPhone5S, [0000020DCCE2D300][0000020DC5B8A880 49] iPhone6Plus, [0000020DCCDB6A00][0000020DC5B8EA00 49] iPhone6S, [0000020DCCE2ED00][0000020DC5B92B80 49] iPhone6SPlus, [0000020DCCDE0100][0000020DC5B96D00 49] iPhone7Plus, [0000020DCCDB5D00][0000020DC5B9AE80 49] iPhoneSE, [0000020DCCDE0C00][0000020DC5B9F000 49] iPhone8, [0000020DCCDB4400][0000020DC5F33140 49] iPhone8Plus, [0000020DCCDE2A00][0000020DC5BA3280 49] iPhoneX, [0000020DCCDB7C00][0000020DC5BA73C0 49] iPhoneXS, [0000020DCCDE2900][0000020DC5BAB500 49] iPhoneXSMax, [0000020DCCDB4B00][0000020DC5BB3680 49] iPhoneXR, [0000020DCCE2F800][0000020DC5BB7800 49] iPhone11, [0000020DCCDB7D00][0000020DC5BBB980 49] iPhone11Pro, [0000020DCCE2DC00][0000020DC5BBFB00 49] iPhone11ProMax, [0000020DCCDB5100][0000020DC5BC2100 49] iPhoneSE2, [0000020DCCE2D200][0000020DC5BC6280 49] iPhone12Mini, [0000020DCCDB7100][0000020DC5BCA400 49] iPhone12, [0000020DCCE2C900][0000020DC5BCE580 49] iPhone12Pro, [0000020DCCDB4D00][0000020DC5BD2700 49] iPhone12ProMax, [0000020DCCE2FC00][0000020DC5BD6880 49] iPadPro105, [0000020DCCDB7700][0000020DC5BDAA00 49] iPadPro129, [0000020DCCE2F000][0000020DC5BDEB80 49] iPadPro97, [0000020DCCDB4F00][0000020DC5BE2D00 49] iPadPro2_129, [0000020DCCE2CC00][0000020DC5BE6E80 49] iPad5, [0000020DCCDB7B00][0000020DC5BEB000 49] iPad6, [0000020DCCE2C400][0000020DC5BEF180 49] iPad7, [0000020DCCDB7E00][0000020DC5BF3300 49] iPad8, [0000020DCCE2DB00][0000020DC5BAF440 49] iPadPro11, [0000020DCCDB6400][0000020DC5BF7580 49] iPadPro2_11, [0000020DCCE2C800][0000020DC5BFB6C0 49] iPadPro3_129, [0000020DCCDB6800][0000020DC55B3840 49] iPadPro4_129, [0000020DCCE2EF00][0000020DC55B79C0 49] AppleTV, [0000020DCCDB5200][0000020DC55BBB40 49] AppleTV4K, [0000020DCCE2D700][0000020DC55BE140 49] TVOS, [0000020DCCDB7600][0000020DC55C22C0 49] Mac, [0000020DCCE2FA00][0000020DC55C6440 49] MacClient, [0000020DCCDB6500][0000020DC55CA5C0 49] MacNoEditor, [0000020DCCE2C500][0000020DC55CE740 49] MacServer, [0000020DCCDB6000][0000020DC55D28C0 49] Linux, [0000020DCCE2FB00][0000020DC55D6A40 49] LinuxAArch64, [0000020DCCDB4300][0000020DC55DABC0 49] LinuxNoEditor, [0000020DCCE2F700][0000020DC55DED40 49] LinuxAArch64NoEditor, [0000020DCCDB6600][0000020DC55E2EC0 49] LinuxClient, [0000020DCCE2E600][0000020DC55E7040 49] LinuxAArch64Client, [0000020DCCDB5A00][0000020DC55EB1C0 49] LinuxServer, [0000020DCCE2C200][0000020DC55EF340 49] LinuxAArch64Server, [0000020DCCDB5600][0000020DC55F34C0 49] Android, [0000020DCCE2E100][0000020DC55AF600 49] Android_Low, [0000020DCCDB7800][0000020DC55F7740 49] Android_Mid, [0000020DCCE2C600][0000020DC55FB880 49] Android_High, [0000020DCCDB6300][0000020DC55FF9C0 49] Android_Default, [0000020DCCE2E300][0000020DC5607B40 49] Android_Adreno4xx, [0000020DCCDB7000][0000020DC560A140 49] Android_Adreno5xx_Low, [0000020DCCE2EA00][0000020DC560E2C0 49] Android_Adreno5xx, [0000020DCCDB4100][0000020DC5612440 49] Android_Adreno6xx, [0000020DCCE2CB00][0000020DC56165C0 49] Android_Adreno6xx_Vulkan, [0000020DCCDB4A00][0000020DC561A740 49] Android_Mali_T6xx, [0000020DCCE2C700][0000020DC561E8C0 49] Android_Mali_T7xx, [0000020DCCE11A00][0000020DC5622A40 49] Android_Mali_T8xx, [0000020DCCDE0300][0000020DC5626BC0 49] Android_Mali_G71, [0000020DCCE10600][0000020DC562AD40 49] Android_Mali_G72, [0000020DCCDE1200][0000020DC562EEC0 49] Android_Mali_G72_Vulkan, [0000020DCCE13C00][0000020DC5633040 49] Android_Mali_G76, [0000020DCCDE0700][0000020DC56371C0 49] Android_Mali_G76_Vulkan, [0000020DCCE13B00][0000020DC563B340 49] Android_Mali_G77, [0000020DCCDE3B00][0000020DC563F4C0 49] Android_Mali_G77_Vulkan, [0000020DCCE11B00][0000020DC5643640 49] Android_Mali_G78, [0000020DCCDE3100][0000020DC5603780 49] Android_Mali_G78_Vulkan, [0000020DCCE13900][0000020DC56478C0 49] Android_Mali_G710, [0000020DCCDE2C00][0000020DC564BA00 49] Android_Mali_G710_Vulkan, [0000020DCCE13600][0000020DC564FB40 49] Android_Vulkan_SM5, [0000020DCCDE3800][0000020DC5656140 49] Android_PowerVR_G6xxx, [0000020DCCE11900][0000020DC565A2C0 49] Android_PowerVR_GT7xxx, [0000020DCCDE1D00][0000020DC565E440 49] Android_PowerVR_GE8xxx, [0000020DCCE12D00][0000020DC56625C0 49] Android_PowerVR_GM9xxx, [0000020DCCDE0800][0000020DC5666740 49] Android_PowerVR_GM9xxx_Vulkan, [0000020DCCE11C00][0000020DC566A8C0 49] Android_TegraK1, [0000020DCCDE1000][0000020DC566EA40 49] Android_Unknown_Vulkan, [0000020DCCE12300][0000020DC5672BC0 49] Lumin, [0000020DCCDE3E00][0000020DC5676D40 49] Lumin_Desktop, [0000020DCCE12B00][0000020DC567AEC0 49] HoloLens, 
[2022.04.09-02.18.12:047][  0]LogMeshReduction: Using QuadricMeshReduction for automatic static mesh reduction
[2022.04.09-02.18.12:047][  0]LogMeshReduction: Using SimplygonMeshReduction for automatic skeletal mesh reduction
[2022.04.09-02.18.12:047][  0]LogMeshReduction: Using ProxyLODMeshReduction for automatic mesh merging
[2022.04.09-02.18.12:047][  0]LogMeshReduction: No distributed automatic mesh merging module available
[2022.04.09-02.18.12:050][  0]LogMeshMerging: No distributed automatic mesh merging module available
[2022.04.09-02.18.12:205][  0]LogNetVersion: RealTimeDataPing 1.0.0, NetCL: 17155196, EngineNetVer: 17, GameNetVer: 0 (Checksum: 2967086507)
[2022.04.09-02.18.14:154][  0]LogTexture: Default maximum texture size for cubemaps generated from long-lat sources has been changed from 512 to unlimited. In order to preserve old behaiour for '/Engine/MapTemplates/Sky/DaylightAmbientCubemap.DaylightAmbientCubemap', its maximum texture size has been explicitly set to 512.
[2022.04.09-02.18.14:377][  0]LogHMD: PokeAHoleMaterial loaded successfully
[2022.04.09-02.18.14:398][  0]LogUObjectArray: 17179 objects as part of root set at end of initial load.
[2022.04.09-02.18.14:398][  0]LogUObjectAllocator: 4302064 out of 0 bytes used by permanent object pool.
[2022.04.09-02.18.14:398][  0]LogUObjectArray: CloseDisregardForGC: 0/0 objects in disregard for GC pool
[2022.04.09-02.18.15:127][  0]LogNiagaraDebuggerClient: Niagara Debugger Client Initialized | Session: A245F29641C1139A14E08D8280B02031 | Instance: AD9B5972445A6E9226C96A9581543C1D (DESKTOP-J37SS8T-3704).
[2022.04.09-02.18.15:263][  0]LogStreaming: Warning: Failed to read file '../../../Engine/Content/Editor/Slate/Niagara/MenuSeparator.png' error.
[2022.04.09-02.18.15:263][  0]LogSlate: Could not find file for Slate resource: ../../../Engine/Content/Editor/Slate/Niagara/MenuSeparator.png
[2022.04.09-02.18.15:263][  0]LogStreaming: Warning: Failed to read file '../../../Engine/Content/Editor/Slate/Niagara/Common/Selector.png' error.
[2022.04.09-02.18.15:263][  0]LogSlate: Could not find file for Slate resource: ../../../Engine/Content/Editor/Slate/Niagara/Common/Selector.png
[2022.04.09-02.18.15:263][  0]LogStreaming: Warning: Failed to read file '../../../Engine/Content/Editor/Slate/Niagara/Common/Selection.png' error.
[2022.04.09-02.18.15:263][  0]LogSlate: Could not find file for Slate resource: ../../../Engine/Content/Editor/Slate/Niagara/Common/Selection.png
[2022.04.09-02.18.15:263][  0]LogStreaming: Warning: Failed to read file '../../../Engine/Content/Editor/Slate/Niagara/Common/DropZoneIndicator_Above.png' error.
[2022.04.09-02.18.15:263][  0]LogStreaming: Warning: Failed to read file '../../../Engine/Content/Editor/Slate/Niagara/Common/DropZoneIndicator_Onto.png' error.
[2022.04.09-02.18.15:263][  0]LogSlate: Could not find file for Slate resource: ../../../Engine/Content/Editor/Slate/Niagara/Common/DropZoneIndicator_Onto.png
[2022.04.09-02.18.15:263][  0]LogSlate: Could not find file for Slate resource: ../../../Engine/Content/Editor/Slate/Niagara/Common/DropZoneIndicator_Above.png
[2022.04.09-02.18.15:263][  0]LogStreaming: Warning: Failed to read file '../../../Engine/Content/Editor/Slate/Niagara/Common/DropZoneIndicator_Below.png' error.
[2022.04.09-02.18.15:263][  0]LogSlate: Could not find file for Slate resource: ../../../Engine/Content/Editor/Slate/Niagara/Common/DropZoneIndicator_Below.png
[2022.04.09-02.18.15:263][  0]LogStreaming: Warning: Failed to read file '../../../Engine/Content/Editor/Slate/Niagara/Common/RoundedSelection_16x.png' error.
[2022.04.09-02.18.15:263][  0]LogSlate: Could not find file for Slate resource: ../../../Engine/Content/Editor/Slate/Niagara/Common/RoundedSelection_16x.png
[2022.04.09-02.18.15:263][  0]LogStreaming: Warning: Failed to read file '../../../Engine/Content/Editor/Slate/Niagara/Common/FlatButton.png' error.
[2022.04.09-02.18.15:263][  0]LogSlate: Could not find file for Slate resource: ../../../Engine/Content/Editor/Slate/Niagara/Common/FlatButton.png
[2022.04.09-02.18.15:787][  0]LogImageWrapper: Warning: PNG Warning: Duplicate iCCP chunk
[2022.04.09-02.18.15:787][  0]LogImageWrapper: Warning: PNG Warning: Duplicate iCCP chunk
[2022.04.09-02.18.16:086][  0]LogTcpMessaging: Initializing TcpMessaging bridge
[2022.04.09-02.18.16:105][  0]LogUdpMessaging: Initializing bridge on interface 0.0.0.0:0 to multicast group 230.0.0.1:6666.
[2022.04.09-02.18.16:138][  0]LogPython: Using Python 3.7.7
[2022.04.09-02.18.17:676][  0]SourceControl: Source control is disabled
[2022.04.09-02.18.18:366][  0]LogUProjectInfo: Found projects:
[2022.04.09-02.18.18:576][  0]LogRuntimeDataTable: Module Startup
[2022.04.09-02.18.18:579][  0]LogEasyCsv: Module Startup
[2022.04.09-02.18.18:579][  0]LogPython: Warning: 'EasyCsv.MakeCsvInfoStructFromString' and 'EasyCsv.MakeCSV_InfoFromString' have the same name (make_csv_info_from_string) when exposed to Python. Rename one of them using 'ScriptName' meta-data (or 'ScriptMethod' or 'ScriptConstant' for extension functions).
[2022.04.09-02.18.18:579][  0]LogPython: Warning: 'EasyCsv.MakeCsvInfoStructFromFile' and 'EasyCsv.MakeCSV_InfoFromFile' have the same name (make_csv_info_from_file) when exposed to Python. Rename one of them using 'ScriptName' meta-data (or 'ScriptMethod' or 'ScriptConstant' for extension functions).
[2022.04.09-02.18.18:998][  0]LogOpenImageDenoise: OIDN starting up
[2022.04.09-02.18.19:035][  0]LogAndroidPermission: UAndroidPermissionCallbackProxy::GetInstance
[2022.04.09-02.18.19:076][  0]LogAudioCaptureCore: Display: No Audio Capture implementations found. Audio input will be silent.
[2022.04.09-02.18.19:076][  0]LogAudioCaptureCore: Display: No Audio Capture implementations found. Audio input will be silent.
[2022.04.09-02.18.19:317][  0]LogCollectionManager: Loaded 0 collections in 0.003253 seconds
[2022.04.09-02.18.19:379][  0]LogFileCache: Scanning file cache for directory 'C:/UE4 Doc Repositories/RealTimeDataPing/RealTimeDataPing/Saved/Collections/' took 0.00s
[2022.04.09-02.18.19:379][  0]LogFileCache: Scanning file cache for directory 'C:/UE4 Doc Repositories/RealTimeDataPing/RealTimeDataPing/Content/Developers/Chokomaru/Collections/' took 0.00s
[2022.04.09-02.18.19:379][  0]LogFileCache: Scanning file cache for directory 'C:/UE4 Doc Repositories/RealTimeDataPing/RealTimeDataPing/Content/Collections/' took 0.00s
[2022.04.09-02.18.19:379][  0]LogOcInput: OculusInput pre-init called
[2022.04.09-02.18.19:621][  0]LogStreaming: Warning: Failed to read file '../../../Engine/Content/Editor/Slate/Niagara/MenuSeparator.png' error.
[2022.04.09-02.18.19:621][  0]LogSlate: Could not find file for Slate resource: ../../../Engine/Content/Editor/Slate/Niagara/MenuSeparator.png
[2022.04.09-02.18.19:621][  0]LogStreaming: Warning: Failed to read file '../../../Engine/Content/Editor/Slate/Niagara/Common/Selector.png' error.
[2022.04.09-02.18.19:621][  0]LogSlate: Could not find file for Slate resource: ../../../Engine/Content/Editor/Slate/Niagara/Common/Selector.png
[2022.04.09-02.18.19:621][  0]LogStreaming: Warning: Failed to read file '../../../Engine/Content/Editor/Slate/Niagara/Common/Selection.png' error.
[2022.04.09-02.18.19:621][  0]LogSlate: Could not find file for Slate resource: ../../../Engine/Content/Editor/Slate/Niagara/Common/Selection.png
[2022.04.09-02.18.19:621][  0]LogStreaming: Warning: Failed to read file '../../../Engine/Content/Editor/Slate/Niagara/Common/DropZoneIndicator_Above.png' error.
[2022.04.09-02.18.19:621][  0]LogStreaming: Warning: Failed to read file '../../../Engine/Content/Editor/Slate/Niagara/Common/DropZoneIndicator_Onto.png' error.
[2022.04.09-02.18.19:621][  0]LogSlate: Could not find file for Slate resource: ../../../Engine/Content/Editor/Slate/Niagara/Common/DropZoneIndicator_Onto.png
[2022.04.09-02.18.19:621][  0]LogSlate: Could not find file for Slate resource: ../../../Engine/Content/Editor/Slate/Niagara/Common/DropZoneIndicator_Above.png
[2022.04.09-02.18.19:669][  0]LogStreaming: Warning: Failed to read file '../../../Engine/Content/Editor/Slate/Niagara/Common/DropZoneIndicator_Below.png' error.
[2022.04.09-02.18.19:669][  0]LogSlate: Could not find file for Slate resource: ../../../Engine/Content/Editor/Slate/Niagara/Common/DropZoneIndicator_Below.png
[2022.04.09-02.18.19:669][  0]LogStreaming: Warning: Failed to read file '../../../Engine/Content/Editor/Slate/Niagara/Common/RoundedSelection_16x.png' error.
[2022.04.09-02.18.19:669][  0]LogSlate: Could not find file for Slate resource: ../../../Engine/Content/Editor/Slate/Niagara/Common/RoundedSelection_16x.png
[2022.04.09-02.18.19:669][  0]LogStreaming: Warning: Failed to read file '../../../Engine/Content/Editor/Slate/Niagara/Common/FlatButton.png' error.
[2022.04.09-02.18.19:669][  0]LogSlate: Could not find file for Slate resource: ../../../Engine/Content/Editor/Slate/Niagara/Common/FlatButton.png
[2022.04.09-02.18.19:669][  0]LogImageWrapper: Warning: PNG Warning: Duplicate iCCP chunk
[2022.04.09-02.18.19:669][  0]LogImageWrapper: Warning: PNG Warning: Duplicate iCCP chunk
[2022.04.09-02.18.19:935][  0]LogEngine: Initializing Engine...
[2022.04.09-02.18.20:750][  0]LogHMD: Optional extension XR_VARJO_quad_views is not available
[2022.04.09-02.18.20:750][  0]LogHMD: Warning: Required extension XR_EXT_hand_tracking is not available
[2022.04.09-02.18.20:750][  0]LogHMD: Could not enable all required OpenXR extensions for OpenXRHandTracking on current system. This plugin will be loaded but ignored, but will be enabled on a target platform that supports the required extension.
[2022.04.09-02.18.20:750][  0]LogHMD: Warning: Required extension XR_EXT_eye_gaze_interaction is not available
[2022.04.09-02.18.20:750][  0]LogHMD: Could not enable all required OpenXR extensions for OpenXREyeTracker on current system. This plugin will be loaded but ignored, but will be enabled on a target platform that supports the required extension.
[2022.04.09-02.18.20:871][  0]LogHMD: Failed to create an OpenXR instance, result is XR_ERROR_RUNTIME_UNAVAILABLE. Please check if you have an OpenXR runtime installed. The following extensions were enabled:
[2022.04.09-02.18.20:872][  0]LogHMD: - XR_KHR_D3D11_enable
[2022.04.09-02.18.20:872][  0]LogHMD: - XR_KHR_D3D12_enable
[2022.04.09-02.18.20:872][  0]LogHMD: - XR_KHR_opengl_enable
[2022.04.09-02.18.20:872][  0]LogHMD: - XR_KHR_vulkan_enable
[2022.04.09-02.18.20:872][  0]LogHMD: - XR_KHR_composition_layer_depth
[2022.04.09-02.18.20:872][  0]LogHMD: - XR_KHR_visibility_mask
[2022.04.09-02.18.20:907][  0]LogHMD: Failed to initialize OpenVR with code 126
[2022.04.09-02.18.20:908][  0]LogMagicLeap: Warning: VR disabled because ZI is not enabled.  To enable, in the editor, Edit -> Project Settings -> Plugins -> Magic Leap Plugin -> Enable Zero Iteration
[2022.04.09-02.18.20:921][  0]LogStats: UGameplayTagsManager::InitializeManager -  0.003 s
[2022.04.09-02.18.21:191][  0]LogInit: Initializing FReadOnlyCVARCache
[2022.04.09-02.18.21:278][  0]LogAIModule: Creating AISystem for world Untitled
[2022.04.09-02.18.21:309][  0]LogAudio: Display: Initializing Audio Device Manager...
[2022.04.09-02.18.21:316][  0]LogAudio: Display: Loading Default Audio Settings Objects...
[2022.04.09-02.18.21:318][  0]LogAudio: Display: No default SoundConcurrencyObject specified (or failed to load).
[2022.04.09-02.18.21:321][  0]LogAudio: Display: Audio Device Manager Initialized
[2022.04.09-02.18.21:321][  0]LogAudio: Display: Creating Audio Device:                 Id: 1, Scope: Shared, Realtime: True
[2022.04.09-02.18.21:323][  0]LogAudioMixer: Display: Audio Mixer Platform Settings:
[2022.04.09-02.18.21:323][  0]LogAudioMixer: Display: 	Sample Rate:						  48000
[2022.04.09-02.18.21:323][  0]LogAudioMixer: Display: 	Callback Buffer Frame Size Requested: 1024
[2022.04.09-02.18.21:323][  0]LogAudioMixer: Display: 	Callback Buffer Frame Size To Use:	  1024
[2022.04.09-02.18.21:323][  0]LogAudioMixer: Display: 	Number of buffers to queue:			  2
[2022.04.09-02.18.21:323][  0]LogAudioMixer: Display: 	Max Channels (voices):				  32
[2022.04.09-02.18.21:323][  0]LogAudioMixer: Display: 	Number of Async Source Workers:		  0
[2022.04.09-02.18.21:323][  0]LogAudio: Display: AudioDevice MaxSources: 32
[2022.04.09-02.18.21:327][  0]LogAudio: Display: Audio Spatialization Plugin: None (built-in).
[2022.04.09-02.18.21:327][  0]LogAudio: Display: Audio Reverb Plugin: None (built-in).
[2022.04.09-02.18.21:327][  0]LogAudio: Display: Audio Occlusion Plugin: None (built-in).
[2022.04.09-02.18.21:328][  0]LogAudioMixer: Display: Initializing audio mixer.
[2022.04.09-02.18.21:369][  0]LogAudioMixer: Display: 0: FrontLeft
[2022.04.09-02.18.21:369][  0]LogAudioMixer: Display: 1: FrontRight
[2022.04.09-02.18.21:406][  0]LogAudioMixer: Display: Using Audio Device Speakers (Realtek High Definition Audio)
[2022.04.09-02.18.21:415][  0]LogAudioMixer: Display: Initializing Sound Submixes...
[2022.04.09-02.18.21:418][  0]LogAudioMixer: Display: Creating Master Submix 'MasterSubmixDefault'
[2022.04.09-02.18.21:418][  0]LogAudioMixer: Display: Creating Master Submix 'MasterReverbSubmixDefault'
[2022.04.09-02.18.21:421][  0]LogAudioMixer: Display: Creating Master Submix 'MasterEQSubmixDefault'
[2022.04.09-02.18.21:422][  0]LogAudioMixer: FMixerPlatformXAudio2::StartAudioStream() called
[2022.04.09-02.18.21:422][  0]LogAudioMixer: Display: Output buffers initialized: Frames=1024, Channels=2, Samples=2048
[2022.04.09-02.18.21:424][  0]LogAudioMixer: Display: Starting AudioMixerPlatformInterface::RunInternal()
[2022.04.09-02.18.21:424][  0]LogAudioMixer: Display: FMixerPlatformXAudio2::SubmitBuffer() called for the first time
[2022.04.09-02.18.21:424][  0]LogInit: FAudioDevice initialized.
[2022.04.09-02.18.21:427][  0]LogAudio: Display: Audio Device (ID: 1) registered with world 'Untitled'.
[2022.04.09-02.18.21:429][  0]LogNetVersion: Set ProjectVersion to 1.0.0.0. Version Checksum will be recalculated on next use.
[2022.04.09-02.18.21:691][  0]LogDerivedDataCache: Saved boot cache 0.26s 234MB C:/Users/Chokomaru/AppData/Local/UnrealEngine/4.27/DerivedDataCache/Boot.ddc.
[2022.04.09-02.18.21:702][  0]LogInit: Texture streaming: Enabled
[2022.04.09-02.18.21:763][  0]LogAnalytics: Display: [UEEditor.Rocket.Release] APIServer = https://datarouter.ol.epicgames.com/. AppVersion = 4.27.0-17155196+++UE4+Release-4.27
[2022.04.09-02.18.21:771][  0]LogEngineSessionManager: EngineSessionManager initialized
[2022.04.09-02.18.21:772][  0]LogEditorSessionSummary: Verbose: Initializing EditorSessionSummaryWriter for editor session tracking
[2022.04.09-02.18.21:776][  0]LogEditorSessionSummary: EditorSessionSummaryWriter initialized
[2022.04.09-02.18.22:957][  0]LogInit: Transaction tracking system initialized
[2022.04.09-02.18.23:103][  0]BlueprintLog: New page: Editor Load
[2022.04.09-02.18.23:368][  0]LocalizationService: Localization service is disabled
[2022.04.09-02.18.23:458][  0]TimingProfiler: Initialize
[2022.04.09-02.18.23:462][  0]TimingProfiler: OnSessionChanged
[2022.04.09-02.18.23:462][  0]LoadingProfiler: Initialize
[2022.04.09-02.18.23:462][  0]LoadingProfiler: OnSessionChanged
[2022.04.09-02.18.23:463][  0]NetworkingProfiler: Initialize
[2022.04.09-02.18.23:464][  0]NetworkingProfiler: OnSessionChanged
[2022.04.09-02.18.23:464][  0]MemoryProfiler: Initialize
[2022.04.09-02.18.23:464][  0]MemoryProfiler: OnSessionChanged
[2022.04.09-02.18.24:207][  0]LogFileCache: Scanning file cache for directory 'C:/UE4 Doc Repositories/RealTimeDataPing/RealTimeDataPing/Content/' took 0.00s
[2022.04.09-02.18.24:207][  0]LogCook: Display: CookSettings for Memory: MemoryMaxUsedVirtual 0MiB, MemoryMaxUsedPhysical 16384MiB, MemoryMinFreeVirtual 0MiB, MemoryMinFreePhysical 1024MiB
[2022.04.09-02.18.24:207][  0]LogCook: Display: Mobile HDR setting 1
[2022.04.09-02.18.25:058][  0]LogStreaming: Warning: Failed to read file '../../../Engine/Content/Editor/Slate/Niagara/MenuSeparator.png' error.
[2022.04.09-02.18.25:058][  0]LogSlate: Could not find file for Slate resource: ../../../Engine/Content/Editor/Slate/Niagara/MenuSeparator.png
[2022.04.09-02.18.25:058][  0]LogStreaming: Warning: Failed to read file '../../../Engine/Content/Editor/Slate/Niagara/Common/Selector.png' error.
[2022.04.09-02.18.25:058][  0]LogSlate: Could not find file for Slate resource: ../../../Engine/Content/Editor/Slate/Niagara/Common/Selector.png
[2022.04.09-02.18.25:058][  0]LogStreaming: Warning: Failed to read file '../../../Engine/Content/Editor/Slate/Niagara/Common/Selection.png' error.
[2022.04.09-02.18.25:058][  0]LogSlate: Could not find file for Slate resource: ../../../Engine/Content/Editor/Slate/Niagara/Common/Selection.png
[2022.04.09-02.18.25:058][  0]LogStreaming: Warning: Failed to read file '../../../Engine/Content/Editor/Slate/Niagara/Common/DropZoneIndicator_Onto.png' error.
[2022.04.09-02.18.25:058][  0]LogSlate: Could not find file for Slate resource: ../../../Engine/Content/Editor/Slate/Niagara/Common/DropZoneIndicator_Onto.png
[2022.04.09-02.18.25:058][  0]LogStreaming: Warning: Failed to read file '../../../Engine/Content/Editor/Slate/Niagara/Common/DropZoneIndicator_Above.png' error.
[2022.04.09-02.18.25:058][  0]LogStreaming: Warning: Failed to read file '../../../Engine/Content/Editor/Slate/Niagara/Common/DropZoneIndicator_Below.png' error.
[2022.04.09-02.18.25:058][  0]LogSlate: Could not find file for Slate resource: ../../../Engine/Content/Editor/Slate/Niagara/Common/DropZoneIndicator_Below.png
[2022.04.09-02.18.25:058][  0]LogStreaming: Warning: Failed to read file '../../../Engine/Content/Editor/Slate/Niagara/Common/RoundedSelection_16x.png' error.
[2022.04.09-02.18.25:058][  0]LogSlate: Could not find file for Slate resource: ../../../Engine/Content/Editor/Slate/Niagara/Common/RoundedSelection_16x.png
[2022.04.09-02.18.25:058][  0]LogStreaming: Warning: Failed to read file '../../../Engine/Content/Editor/Slate/Niagara/Common/FlatButton.png' error.
[2022.04.09-02.18.25:058][  0]LogSlate: Could not find file for Slate resource: ../../../Engine/Content/Editor/Slate/Niagara/Common/FlatButton.png
[2022.04.09-02.18.25:058][  0]LogSlate: Could not find file for Slate resource: ../../../Engine/Content/Editor/Slate/Niagara/Common/DropZoneIndicator_Above.png
[2022.04.09-02.18.25:148][  0]LogImageWrapper: Warning: PNG Warning: Duplicate iCCP chunk
[2022.04.09-02.18.25:148][  0]LogImageWrapper: Warning: PNG Warning: Duplicate iCCP chunk
[2022.04.09-02.18.25:162][  0]LogInit: Display: Engine is initialized. Leaving FEngineLoop::Init()
[2022.04.09-02.18.25:325][  0]LogSlate: Took 0.006256 seconds to synchronously load lazily loaded font '../../../Engine/Content/Slate/Fonts/Roboto-Regular.ttf' (155K)
[2022.04.09-02.18.48:779][  0]LogSlate: Window 'Restore Packages' being destroyed
[2022.04.09-02.18.49:030][  0]LogUnrealEdMisc: Loading editor; pre map load, took 57.061
[2022.04.09-02.18.49:034][  0]Cmd: MAP LOAD FILE="../../../Engine/Content/Maps/Templates/Template_Default.umap" TEMPLATE=1 SHOWPROGRESS=1 FEATURELEVEL=3
[2022.04.09-02.18.49:037][  0]LightingResults: New page: Lighting Build
[2022.04.09-02.18.49:060][  0]LogWorld: UWorld::CleanupWorld for Untitled, bSessionEnded=true, bCleanupResources=true
[2022.04.09-02.18.49:066][  0]LogSlate: InvalidateAllWidgets triggered.  All widgets were invalidated
[2022.04.09-02.18.49:073][  0]MapCheck: New page: Map Check
[2022.04.09-02.18.49:073][  0]LightingResults: New page: Lighting Build
[2022.04.09-02.18.49:104][  0]LogAudio: Display: Audio Device unregistered from world 'None'.
[2022.04.09-02.18.49:138][  0]LogUObjectHash: Compacting FUObjectHashTables data took   1.35ms
[2022.04.09-02.18.49:273][  0]LogTexture: Display: Building textures: HQ_Lightmap0_2 (OODLE_AutoDXT, 64X64)
[2022.04.09-02.18.49:273][  0]LogTexture: Display: Building textures: LQ_Lightmap_0_2 (OODLE_DXT1, 64X64)
[2022.04.09-02.18.49:273][  0]LogTexture: Display: Building textures: LQ_Lightmap_0_1 (OODLE_DXT1, 256X256)
[2022.04.09-02.18.49:273][  0]LogTexture: Display: Building textures: HQ_Lightmap0_1 (OODLE_AutoDXT, 256X256)
[2022.04.09-02.18.49:280][  0]LogAudio: Display: Audio Device (ID: 1) registered with world 'Untitled_1'.
[2022.04.09-02.18.49:282][  0]LogAIModule: Creating AISystem for world Untitled_1
[2022.04.09-02.18.49:337][  0]LogEditorServer: Finished looking for orphan Actors (0.000 secs)
[2022.04.09-02.18.49:354][  0]LogUObjectHash: Compacting FUObjectHashTables data took   0.97ms
[2022.04.09-02.18.49:356][  0]Cmd: MAP CHECKDEP NOCLEARLOG
[2022.04.09-02.18.49:357][  0]MapCheck: Map check complete: 0 Error(s), 0 Warning(s), took 0.904ms to complete.
[2022.04.09-02.18.49:357][  0]LogFileHelpers: Loading map 'Template_Default' took 0.325
[2022.04.09-02.18.49:437][  0]LogUnrealEdMisc: Total Editor Startup Time, took 57.469
[2022.04.09-02.18.49:629][  0]LogSlate: Updating window title bar state: overlay mode, drag disabled, window buttons hidden, title bar hidden
[2022.04.09-02.18.49:641][  0]LogSlate: Updating window title bar state: overlay mode, drag disabled, window buttons hidden, title bar hidden
[2022.04.09-02.18.49:651][  0]LogSlate: Updating window title bar state: overlay mode, drag disabled, window buttons hidden, title bar hidden
[2022.04.09-02.18.49:660][  0]LogSlate: Updating window title bar state: overlay mode, drag disabled, window buttons hidden, title bar hidden
[2022.04.09-02.18.49:734][  0]LogNativeClassHierarchy: Verbose: Native class hierarchy populated in 0.0191 seconds. Added 3827 classes and 935 folders.
[2022.04.09-02.18.49:751][  0]LogNativeClassHierarchy: Verbose: Native class hierarchy updated for 'WidgetCarousel' in 0.0004 seconds. Added 0 classes and 0 folders.
[2022.04.09-02.18.49:772][  0]LogPakFile: PakFile PrimaryIndexSize=187
[2022.04.09-02.18.49:772][  0]LogPakFile: PakFile PathHashIndexSize=101
[2022.04.09-02.18.49:772][  0]LogPakFile: PakFile FullDirectoryIndexSize=148
[2022.04.09-02.18.49:774][  0]LogShaderLibrary: Display: ShaderCodeLibraryPakFileMountedCallback: PakFile 'C:/Unreal Engine/UE_4.27/FeaturePacks/FP_FirstPerson.upack' (chunk index -1, root 'root:/') mounted
[2022.04.09-02.18.49:774][  0]LogShaderLibrary: Display: ShaderCodeLibraryPakFileMountedCallback: pending pak file info (ChunkID:-1 Root:root:/ File:C:/Unreal Engine/UE_4.27/FeaturePacks/FP_FirstPerson.upack)
[2022.04.09-02.18.49:774][  0]LogPakFile: OnPakFileMounted2Time == 0.001936
[2022.04.09-02.18.49:788][  0]LogPakFile: PakFile PrimaryIndexSize=189
[2022.04.09-02.18.49:788][  0]LogPakFile: PakFile PathHashIndexSize=101
[2022.04.09-02.18.49:788][  0]LogPakFile: PakFile FullDirectoryIndexSize=152
[2022.04.09-02.18.49:788][  0]LogShaderLibrary: Display: ShaderCodeLibraryPakFileMountedCallback: PakFile 'C:/Unreal Engine/UE_4.27/FeaturePacks/FP_FirstPersonBP.upack' (chunk index -1, root 'root:/') mounted
[2022.04.09-02.18.49:789][  0]LogShaderLibrary: Display: ShaderCodeLibraryPakFileMountedCallback: pending pak file info (ChunkID:-1 Root:root:/ File:C:/Unreal Engine/UE_4.27/FeaturePacks/FP_FirstPersonBP.upack)
[2022.04.09-02.18.49:789][  0]LogPakFile: OnPakFileMounted2Time == 0.000471
[2022.04.09-02.18.49:796][  0]LogPakFile: PakFile PrimaryIndexSize=191
[2022.04.09-02.18.49:797][  0]LogPakFile: PakFile PathHashIndexSize=101
[2022.04.09-02.18.49:797][  0]LogPakFile: PakFile FullDirectoryIndexSize=160
[2022.04.09-02.18.49:797][  0]LogShaderLibrary: Display: ShaderCodeLibraryPakFileMountedCallback: PakFile 'C:/Unreal Engine/UE_4.27/FeaturePacks/MobileStarterContent.upack' (chunk index -1, root 'root:/') mounted
[2022.04.09-02.18.49:797][  0]LogShaderLibrary: Display: ShaderCodeLibraryPakFileMountedCallback: pending pak file info (ChunkID:-1 Root:root:/ File:C:/Unreal Engine/UE_4.27/FeaturePacks/MobileStarterContent.upack)
[2022.04.09-02.18.49:797][  0]LogPakFile: OnPakFileMounted2Time == 0.000055
[2022.04.09-02.18.49:805][  0]LogPakFile: PakFile PrimaryIndexSize=185
[2022.04.09-02.18.49:805][  0]LogPakFile: PakFile PathHashIndexSize=101
[2022.04.09-02.18.49:805][  0]LogPakFile: PakFile FullDirectoryIndexSize=148
[2022.04.09-02.18.49:805][  0]LogShaderLibrary: Display: ShaderCodeLibraryPakFileMountedCallback: PakFile 'C:/Unreal Engine/UE_4.27/FeaturePacks/StarterContent.upack' (chunk index -1, root 'root:/') mounted
[2022.04.09-02.18.49:805][  0]LogShaderLibrary: Display: ShaderCodeLibraryPakFileMountedCallback: pending pak file info (ChunkID:-1 Root:root:/ File:C:/Unreal Engine/UE_4.27/FeaturePacks/StarterContent.upack)
[2022.04.09-02.18.49:805][  0]LogPakFile: OnPakFileMounted2Time == 0.000068
[2022.04.09-02.18.49:813][  0]LogPakFile: PakFile PrimaryIndexSize=190
[2022.04.09-02.18.49:813][  0]LogPakFile: PakFile PathHashIndexSize=101
[2022.04.09-02.18.49:813][  0]LogPakFile: PakFile FullDirectoryIndexSize=154
[2022.04.09-02.18.49:813][  0]LogShaderLibrary: Display: ShaderCodeLibraryPakFileMountedCallback: PakFile 'C:/Unreal Engine/UE_4.27/FeaturePacks/TP_2DSideScroller.upack' (chunk index -1, root 'root:/') mounted
[2022.04.09-02.18.49:814][  0]LogShaderLibrary: Display: ShaderCodeLibraryPakFileMountedCallback: pending pak file info (ChunkID:-1 Root:root:/ File:C:/Unreal Engine/UE_4.27/FeaturePacks/TP_2DSideScroller.upack)
[2022.04.09-02.18.49:814][  0]LogPakFile: OnPakFileMounted2Time == 0.000097
[2022.04.09-02.18.49:821][  0]LogPakFile: PakFile PrimaryIndexSize=192
[2022.04.09-02.18.49:821][  0]LogPakFile: PakFile PathHashIndexSize=101
[2022.04.09-02.18.49:821][  0]LogPakFile: PakFile FullDirectoryIndexSize=158
[2022.04.09-02.18.49:821][  0]LogShaderLibrary: Display: ShaderCodeLibraryPakFileMountedCallback: PakFile 'C:/Unreal Engine/UE_4.27/FeaturePacks/TP_2DSideScrollerBP.upack' (chunk index -1, root 'root:/') mounted
[2022.04.09-02.18.49:821][  0]LogShaderLibrary: Display: ShaderCodeLibraryPakFileMountedCallback: pending pak file info (ChunkID:-1 Root:root:/ File:C:/Unreal Engine/UE_4.27/FeaturePacks/TP_2DSideScrollerBP.upack)
[2022.04.09-02.18.49:821][  0]LogPakFile: OnPakFileMounted2Time == 0.000054
[2022.04.09-02.18.49:828][  0]LogPakFile: PakFile PrimaryIndexSize=182
[2022.04.09-02.18.49:828][  0]LogPakFile: PakFile PathHashIndexSize=101
[2022.04.09-02.18.49:828][  0]LogPakFile: PakFile FullDirectoryIndexSize=138
[2022.04.09-02.18.49:828][  0]LogShaderLibrary: Display: ShaderCodeLibraryPakFileMountedCallback: PakFile 'C:/Unreal Engine/UE_4.27/FeaturePacks/TP_Flying.upack' (chunk index -1, root 'root:/') mounted
[2022.04.09-02.18.49:828][  0]LogShaderLibrary: Display: ShaderCodeLibraryPakFileMountedCallback: pending pak file info (ChunkID:-1 Root:root:/ File:C:/Unreal Engine/UE_4.27/FeaturePacks/TP_Flying.upack)
[2022.04.09-02.18.49:828][  0]LogPakFile: OnPakFileMounted2Time == 0.000062
[2022.04.09-02.18.49:835][  0]LogPakFile: PakFile PrimaryIndexSize=184
[2022.04.09-02.18.49:835][  0]LogPakFile: PakFile PathHashIndexSize=101
[2022.04.09-02.18.49:835][  0]LogPakFile: PakFile FullDirectoryIndexSize=142
[2022.04.09-02.18.49:835][  0]LogShaderLibrary: Display: ShaderCodeLibraryPakFileMountedCallback: PakFile 'C:/Unreal Engine/UE_4.27/FeaturePacks/TP_FlyingBP.upack' (chunk index -1, root 'root:/') mounted
[2022.04.09-02.18.49:835][  0]LogShaderLibrary: Display: ShaderCodeLibraryPakFileMountedCallback: pending pak file info (ChunkID:-1 Root:root:/ File:C:/Unreal Engine/UE_4.27/FeaturePacks/TP_FlyingBP.upack)
[2022.04.09-02.18.49:835][  0]LogPakFile: OnPakFileMounted2Time == 0.000053
[2022.04.09-02.18.49:842][  0]LogPakFile: PakFile PrimaryIndexSize=188
[2022.04.09-02.18.49:842][  0]LogPakFile: PakFile PathHashIndexSize=101
[2022.04.09-02.18.49:842][  0]LogPakFile: PakFile FullDirectoryIndexSize=150
[2022.04.09-02.18.49:842][  0]LogShaderLibrary: Display: ShaderCodeLibraryPakFileMountedCallback: PakFile 'C:/Unreal Engine/UE_4.27/FeaturePacks/TP_HandheldARBP.upack' (chunk index -1, root 'root:/') mounted
[2022.04.09-02.18.49:842][  0]LogShaderLibrary: Display: ShaderCodeLibraryPakFileMountedCallback: pending pak file info (ChunkID:-1 Root:root:/ File:C:/Unreal Engine/UE_4.27/FeaturePacks/TP_HandheldARBP.upack)
[2022.04.09-02.18.49:842][  0]LogPakFile: OnPakFileMounted2Time == 0.000108
[2022.04.09-02.18.49:853][  0]LogPakFile: PakFile PrimaryIndexSize=182
[2022.04.09-02.18.49:853][  0]LogPakFile: PakFile PathHashIndexSize=101
[2022.04.09-02.18.49:853][  0]LogPakFile: PakFile FullDirectoryIndexSize=138
[2022.04.09-02.18.49:853][  0]LogShaderLibrary: Display: ShaderCodeLibraryPakFileMountedCallback: PakFile 'C:/Unreal Engine/UE_4.27/FeaturePacks/TP_Puzzle.upack' (chunk index -1, root 'root:/') mounted
[2022.04.09-02.18.49:853][  0]LogShaderLibrary: Display: ShaderCodeLibraryPakFileMountedCallback: pending pak file info (ChunkID:-1 Root:root:/ File:C:/Unreal Engine/UE_4.27/FeaturePacks/TP_Puzzle.upack)
[2022.04.09-02.18.49:854][  0]LogPakFile: OnPakFileMounted2Time == 0.000064
[2022.04.09-02.18.49:859][  0]LogPakFile: PakFile PrimaryIndexSize=184
[2022.04.09-02.18.49:859][  0]LogPakFile: PakFile PathHashIndexSize=101
[2022.04.09-02.18.49:859][  0]LogPakFile: PakFile FullDirectoryIndexSize=142
[2022.04.09-02.18.49:859][  0]LogShaderLibrary: Display: ShaderCodeLibraryPakFileMountedCallback: PakFile 'C:/Unreal Engine/UE_4.27/FeaturePacks/TP_PuzzleBP.upack' (chunk index -1, root 'root:/') mounted
[2022.04.09-02.18.49:860][  0]LogShaderLibrary: Display: ShaderCodeLibraryPakFileMountedCallback: pending pak file info (ChunkID:-1 Root:root:/ File:C:/Unreal Engine/UE_4.27/FeaturePacks/TP_PuzzleBP.upack)
[2022.04.09-02.18.49:860][  0]LogPakFile: OnPakFileMounted2Time == 0.000055
[2022.04.09-02.18.49:867][  0]LogPakFile: PakFile PrimaryIndexSize=183
[2022.04.09-02.18.49:867][  0]LogPakFile: PakFile PathHashIndexSize=101
[2022.04.09-02.18.49:867][  0]LogPakFile: PakFile FullDirectoryIndexSize=140
[2022.04.09-02.18.49:867][  0]LogShaderLibrary: Display: ShaderCodeLibraryPakFileMountedCallback: PakFile 'C:/Unreal Engine/UE_4.27/FeaturePacks/TP_Rolling.upack' (chunk index -1, root 'root:/') mounted
[2022.04.09-02.18.49:867][  0]LogShaderLibrary: Display: ShaderCodeLibraryPakFileMountedCallback: pending pak file info (ChunkID:-1 Root:root:/ File:C:/Unreal Engine/UE_4.27/FeaturePacks/TP_Rolling.upack)
[2022.04.09-02.18.49:867][  0]LogPakFile: OnPakFileMounted2Time == 0.000052
[2022.04.09-02.18.49:873][  0]LogPakFile: PakFile PrimaryIndexSize=185
[2022.04.09-02.18.49:873][  0]LogPakFile: PakFile PathHashIndexSize=101
[2022.04.09-02.18.49:873][  0]LogPakFile: PakFile FullDirectoryIndexSize=144
[2022.04.09-02.18.49:873][  0]LogShaderLibrary: Display: ShaderCodeLibraryPakFileMountedCallback: PakFile 'C:/Unreal Engine/UE_4.27/FeaturePacks/TP_RollingBP.upack' (chunk index -1, root 'root:/') mounted
[2022.04.09-02.18.49:873][  0]LogShaderLibrary: Display: ShaderCodeLibraryPakFileMountedCallback: pending pak file info (ChunkID:-1 Root:root:/ File:C:/Unreal Engine/UE_4.27/FeaturePacks/TP_RollingBP.upack)
[2022.04.09-02.18.49:873][  0]LogPakFile: OnPakFileMounted2Time == 0.000048
[2022.04.09-02.18.49:879][  0]LogPakFile: PakFile PrimaryIndexSize=188
[2022.04.09-02.18.49:879][  0]LogPakFile: PakFile PathHashIndexSize=101
[2022.04.09-02.18.49:879][  0]LogPakFile: PakFile FullDirectoryIndexSize=150
[2022.04.09-02.18.49:879][  0]LogShaderLibrary: Display: ShaderCodeLibraryPakFileMountedCallback: PakFile 'C:/Unreal Engine/UE_4.27/FeaturePacks/TP_SideScroller.upack' (chunk index -1, root 'root:/') mounted
[2022.04.09-02.18.49:879][  0]LogShaderLibrary: Display: ShaderCodeLibraryPakFileMountedCallback: pending pak file info (ChunkID:-1 Root:root:/ File:C:/Unreal Engine/UE_4.27/FeaturePacks/TP_SideScroller.upack)
[2022.04.09-02.18.49:880][  0]LogPakFile: OnPakFileMounted2Time == 0.000063
[2022.04.09-02.18.49:886][  0]LogPakFile: PakFile PrimaryIndexSize=190
[2022.04.09-02.18.49:886][  0]LogPakFile: PakFile PathHashIndexSize=101
[2022.04.09-02.18.49:886][  0]LogPakFile: PakFile FullDirectoryIndexSize=154
[2022.04.09-02.18.49:886][  0]LogShaderLibrary: Display: ShaderCodeLibraryPakFileMountedCallback: PakFile 'C:/Unreal Engine/UE_4.27/FeaturePacks/TP_SideScrollerBP.upack' (chunk index -1, root 'root:/') mounted
[2022.04.09-02.18.49:886][  0]LogShaderLibrary: Display: ShaderCodeLibraryPakFileMountedCallback: pending pak file info (ChunkID:-1 Root:root:/ File:C:/Unreal Engine/UE_4.27/FeaturePacks/TP_SideScrollerBP.upack)
[2022.04.09-02.18.49:886][  0]LogPakFile: OnPakFileMounted2Time == 0.000051
[2022.04.09-02.18.49:893][  0]LogPakFile: PakFile PrimaryIndexSize=187
[2022.04.09-02.18.49:893][  0]LogPakFile: PakFile PathHashIndexSize=101
[2022.04.09-02.18.49:893][  0]LogPakFile: PakFile FullDirectoryIndexSize=148
[2022.04.09-02.18.49:893][  0]LogShaderLibrary: Display: ShaderCodeLibraryPakFileMountedCallback: PakFile 'C:/Unreal Engine/UE_4.27/FeaturePacks/TP_ThirdPerson.upack' (chunk index -1, root 'root:/') mounted
[2022.04.09-02.18.49:893][  0]LogShaderLibrary: Display: ShaderCodeLibraryPakFileMountedCallback: pending pak file info (ChunkID:-1 Root:root:/ File:C:/Unreal Engine/UE_4.27/FeaturePacks/TP_ThirdPerson.upack)
[2022.04.09-02.18.49:893][  0]LogPakFile: OnPakFileMounted2Time == 0.000053
[2022.04.09-02.18.49:900][  0]LogPakFile: PakFile PrimaryIndexSize=189
[2022.04.09-02.18.49:900][  0]LogPakFile: PakFile PathHashIndexSize=101
[2022.04.09-02.18.49:900][  0]LogPakFile: PakFile FullDirectoryIndexSize=152
[2022.04.09-02.18.49:900][  0]LogShaderLibrary: Display: ShaderCodeLibraryPakFileMountedCallback: PakFile 'C:/Unreal Engine/UE_4.27/FeaturePacks/TP_ThirdPersonBP.upack' (chunk index -1, root 'root:/') mounted
[2022.04.09-02.18.49:900][  0]LogShaderLibrary: Display: ShaderCodeLibraryPakFileMountedCallback: pending pak file info (ChunkID:-1 Root:root:/ File:C:/Unreal Engine/UE_4.27/FeaturePacks/TP_ThirdPersonBP.upack)
[2022.04.09-02.18.49:900][  0]LogPakFile: OnPakFileMounted2Time == 0.000050
[2022.04.09-02.18.49:907][  0]LogPakFile: PakFile PrimaryIndexSize=183
[2022.04.09-02.18.49:907][  0]LogPakFile: PakFile PathHashIndexSize=101
[2022.04.09-02.18.49:907][  0]LogPakFile: PakFile FullDirectoryIndexSize=140
[2022.04.09-02.18.49:907][  0]LogShaderLibrary: Display: ShaderCodeLibraryPakFileMountedCallback: PakFile 'C:/Unreal Engine/UE_4.27/FeaturePacks/TP_TopDown.upack' (chunk index -1, root 'root:/') mounted
[2022.04.09-02.18.49:907][  0]LogShaderLibrary: Display: ShaderCodeLibraryPakFileMountedCallback: pending pak file info (ChunkID:-1 Root:root:/ File:C:/Unreal Engine/UE_4.27/FeaturePacks/TP_TopDown.upack)
[2022.04.09-02.18.49:907][  0]LogPakFile: OnPakFileMounted2Time == 0.000063
[2022.04.09-02.18.49:913][  0]LogPakFile: PakFile PrimaryIndexSize=185
[2022.04.09-02.18.49:913][  0]LogPakFile: PakFile PathHashIndexSize=101
[2022.04.09-02.18.49:913][  0]LogPakFile: PakFile FullDirectoryIndexSize=144
[2022.04.09-02.18.49:913][  0]LogShaderLibrary: Display: ShaderCodeLibraryPakFileMountedCallback: PakFile 'C:/Unreal Engine/UE_4.27/FeaturePacks/TP_TopDownBP.upack' (chunk index -1, root 'root:/') mounted
[2022.04.09-02.18.49:913][  0]LogShaderLibrary: Display: ShaderCodeLibraryPakFileMountedCallback: pending pak file info (ChunkID:-1 Root:root:/ File:C:/Unreal Engine/UE_4.27/FeaturePacks/TP_TopDownBP.upack)
[2022.04.09-02.18.49:913][  0]LogPakFile: OnPakFileMounted2Time == 0.000049
[2022.04.09-02.18.49:923][  0]LogPakFile: PakFile PrimaryIndexSize=185
[2022.04.09-02.18.49:923][  0]LogPakFile: PakFile PathHashIndexSize=101
[2022.04.09-02.18.49:923][  0]LogPakFile: PakFile FullDirectoryIndexSize=144
[2022.04.09-02.18.49:923][  0]LogShaderLibrary: Display: ShaderCodeLibraryPakFileMountedCallback: PakFile 'C:/Unreal Engine/UE_4.27/FeaturePacks/TP_TwinStick.upack' (chunk index -1, root 'root:/') mounted
[2022.04.09-02.18.49:923][  0]LogShaderLibrary: Display: ShaderCodeLibraryPakFileMountedCallback: pending pak file info (ChunkID:-1 Root:root:/ File:C:/Unreal Engine/UE_4.27/FeaturePacks/TP_TwinStick.upack)
[2022.04.09-02.18.49:923][  0]LogPakFile: OnPakFileMounted2Time == 0.000053
[2022.04.09-02.18.49:929][  0]LogPakFile: PakFile PrimaryIndexSize=187
[2022.04.09-02.18.49:929][  0]LogPakFile: PakFile PathHashIndexSize=101
[2022.04.09-02.18.49:929][  0]LogPakFile: PakFile FullDirectoryIndexSize=148
[2022.04.09-02.18.49:929][  0]LogShaderLibrary: Display: ShaderCodeLibraryPakFileMountedCallback: PakFile 'C:/Unreal Engine/UE_4.27/FeaturePacks/TP_TwinStickBP.upack' (chunk index -1, root 'root:/') mounted
[2022.04.09-02.18.49:929][  0]LogShaderLibrary: Display: ShaderCodeLibraryPakFileMountedCallback: pending pak file info (ChunkID:-1 Root:root:/ File:C:/Unreal Engine/UE_4.27/FeaturePacks/TP_TwinStickBP.upack)
[2022.04.09-02.18.49:929][  0]LogPakFile: OnPakFileMounted2Time == 0.000053
[2022.04.09-02.18.49:936][  0]LogPakFile: PakFile PrimaryIndexSize=183
[2022.04.09-02.18.49:936][  0]LogPakFile: PakFile PathHashIndexSize=101
[2022.04.09-02.18.49:936][  0]LogPakFile: PakFile FullDirectoryIndexSize=140
[2022.04.09-02.18.49:936][  0]LogShaderLibrary: Display: ShaderCodeLibraryPakFileMountedCallback: PakFile 'C:/Unreal Engine/UE_4.27/FeaturePacks/TP_Vehicle.upack' (chunk index -1, root 'root:/') mounted
[2022.04.09-02.18.49:936][  0]LogShaderLibrary: Display: ShaderCodeLibraryPakFileMountedCallback: pending pak file info (ChunkID:-1 Root:root:/ File:C:/Unreal Engine/UE_4.27/FeaturePacks/TP_Vehicle.upack)
[2022.04.09-02.18.49:936][  0]LogPakFile: OnPakFileMounted2Time == 0.000114
[2022.04.09-02.18.49:944][  0]LogPakFile: PakFile PrimaryIndexSize=186
[2022.04.09-02.18.49:944][  0]LogPakFile: PakFile PathHashIndexSize=101
[2022.04.09-02.18.49:944][  0]LogPakFile: PakFile FullDirectoryIndexSize=146
[2022.04.09-02.18.49:944][  0]LogShaderLibrary: Display: ShaderCodeLibraryPakFileMountedCallback: PakFile 'C:/Unreal Engine/UE_4.27/FeaturePacks/TP_VehicleAdv.upack' (chunk index -1, root 'root:/') mounted
[2022.04.09-02.18.49:944][  0]LogShaderLibrary: Display: ShaderCodeLibraryPakFileMountedCallback: pending pak file info (ChunkID:-1 Root:root:/ File:C:/Unreal Engine/UE_4.27/FeaturePacks/TP_VehicleAdv.upack)
[2022.04.09-02.18.49:944][  0]LogPakFile: OnPakFileMounted2Time == 0.000055
[2022.04.09-02.18.49:951][  0]LogPakFile: PakFile PrimaryIndexSize=188
[2022.04.09-02.18.49:951][  0]LogPakFile: PakFile PathHashIndexSize=101
[2022.04.09-02.18.49:952][  0]LogPakFile: PakFile FullDirectoryIndexSize=150
[2022.04.09-02.18.49:952][  0]LogShaderLibrary: Display: ShaderCodeLibraryPakFileMountedCallback: PakFile 'C:/Unreal Engine/UE_4.27/FeaturePacks/TP_VehicleAdvBP.upack' (chunk index -1, root 'root:/') mounted
[2022.04.09-02.18.49:952][  0]LogShaderLibrary: Display: ShaderCodeLibraryPakFileMountedCallback: pending pak file info (ChunkID:-1 Root:root:/ File:C:/Unreal Engine/UE_4.27/FeaturePacks/TP_VehicleAdvBP.upack)
[2022.04.09-02.18.49:952][  0]LogPakFile: OnPakFileMounted2Time == 0.000068
[2022.04.09-02.18.49:959][  0]LogPakFile: PakFile PrimaryIndexSize=185
[2022.04.09-02.18.49:959][  0]LogPakFile: PakFile PathHashIndexSize=101
[2022.04.09-02.18.49:959][  0]LogPakFile: PakFile FullDirectoryIndexSize=144
[2022.04.09-02.18.49:959][  0]LogShaderLibrary: Display: ShaderCodeLibraryPakFileMountedCallback: PakFile 'C:/Unreal Engine/UE_4.27/FeaturePacks/TP_VehicleBP.upack' (chunk index -1, root 'root:/') mounted
[2022.04.09-02.18.49:959][  0]LogShaderLibrary: Display: ShaderCodeLibraryPakFileMountedCallback: pending pak file info (ChunkID:-1 Root:root:/ File:C:/Unreal Engine/UE_4.27/FeaturePacks/TP_VehicleBP.upack)
[2022.04.09-02.18.49:959][  0]LogPakFile: OnPakFileMounted2Time == 0.000052
[2022.04.09-02.18.49:965][  0]LogPakFile: PakFile PrimaryIndexSize=192
[2022.04.09-02.18.49:965][  0]LogPakFile: PakFile PathHashIndexSize=101
[2022.04.09-02.18.49:965][  0]LogPakFile: PakFile FullDirectoryIndexSize=158
[2022.04.09-02.18.49:965][  0]LogShaderLibrary: Display: ShaderCodeLibraryPakFileMountedCallback: PakFile 'C:/Unreal Engine/UE_4.27/FeaturePacks/TP_VirtualRealityBP.upack' (chunk index -1, root 'root:/') mounted
[2022.04.09-02.18.49:965][  0]LogShaderLibrary: Display: ShaderCodeLibraryPakFileMountedCallback: pending pak file info (ChunkID:-1 Root:root:/ File:C:/Unreal Engine/UE_4.27/FeaturePacks/TP_VirtualRealityBP.upack)
[2022.04.09-02.18.49:965][  0]LogPakFile: OnPakFileMounted2Time == 0.000060
[2022.04.09-02.18.50:294][  0]LogNativeClassHierarchy: Verbose: Native class hierarchy updated for 'AddContentDialog' in 0.0003 seconds. Added 0 classes and 0 folders.
[2022.04.09-02.18.50:318][  0]LogNativeClassHierarchy: Verbose: Native class hierarchy updated for 'WorldBrowser' in 0.0005 seconds. Added 2 classes and 3 folders.
[2022.04.09-02.18.50:344][  0]LogNativeClassHierarchy: Verbose: Native class hierarchy updated for 'SceneOutliner' in 0.0004 seconds. Added 2 classes and 0 folders.
[2022.04.09-02.18.51:157][  0]LogSlate: Only BGRA pngs, bmps or icos are supported in by External Image Picker
[2022.04.09-02.18.51:290][  0]LogSlate: Took 0.006552 seconds to synchronously load lazily loaded font '../../../Engine/Content/Editor/Slate/Fonts/FontAwesome.ttf' (139K)
[2022.04.09-02.18.51:293][  0]LogSlate: Took 0.005805 seconds to synchronously load lazily loaded font '../../../Engine/Content/Slate/Fonts/Roboto-Bold.ttf' (160K)
[2022.04.09-02.18.51:454][  0]LogRenderer: Reallocating scene render targets to support 1264x576 Format 10 NumSamples 1 (Frame:1).
[2022.04.09-02.18.51:679][  0]LogNativeClassHierarchy: Verbose: Native class hierarchy updated for 'HierarchicalLODOutliner' in 0.0003 seconds. Added 0 classes and 0 folders.
[2022.04.09-02.18.51:683][  0]LogLoad: (Engine Initialization) Total time: 59.71 seconds
[2022.04.09-02.18.51:683][  0]LogLoad: (Engine Initialization) Total Blueprint compile time: 0.00 seconds
[2022.04.09-02.18.51:790][  0]LogAssetRegistry: Asset discovery search completed in 41.4604 seconds
[2022.04.09-02.18.51:801][  0]LogCollectionManager: Fixed up redirectors for 0 collections in 0.000008 seconds (updated 0 objects)
[2022.04.09-02.18.51:823][  0]LogContentStreaming: Texture pool size now 1000 MB
[2022.04.09-02.18.51:975][  2]LogSlate: Took 0.025246 seconds to synchronously load lazily loaded font '../../../Engine/Content/Slate/Fonts/Roboto-Light.ttf' (167K)
[2022.04.09-02.18.52:721][ 77]LogSlate: Took 0.000296 seconds to synchronously load lazily loaded font '../../../Engine/Content/Slate/Fonts/Roboto-Light.ttf' (167K)
[2022.04.09-02.18.54:991][294]LogAssetEditorSubsystem: Opening Asset editor for Blueprint /Game/BP_Doc.BP_Doc
[2022.04.09-02.18.55:252][294]LogNativeClassHierarchy: Verbose: Native class hierarchy updated for 'BlueprintGraph' in 0.0006 seconds. Added 126 classes and 0 folders.
[2022.04.09-02.18.56:689][294]LogAssetEditorSubsystem: Opening Asset editor for UserDefinedStruct /Game/FPing.FPing
[2022.04.09-02.18.58:828][535]LogSlate: Took 0.005765 seconds to synchronously load lazily loaded font '../../../Engine/Content/Slate/Fonts/Roboto-BoldCondensed.ttf' (158K)
[2022.04.09-02.19.00:510][711]LogSlate: Took 0.005727 seconds to synchronously load lazily loaded font '../../../Engine/Content/Slate/Fonts/Roboto-Italic.ttf' (157K)
